Using pre-set license
Built from '2020.2/release' branch; Version is '2020.2.2f1 (068178b99f32) revision 426360'; Using compiler version '192528614'; Build Type 'Release'
OS: 'Windows 10 Home; OS build 19041.746; Version 2004; 64bit' Language: 'en' Physical Memory: 16239 MB
BatchMode: 1, IsHumanControllingUs: 0, StartBugReporterOnCrash: 0, Is64bit: 1, IsPro: 0

 COMMAND LINE ARGUMENTS:
C:\Program Files\Unity\Hub\Editor\2020.2.2f1\Editor\Unity.exe
-adb2
-batchMode
-noUpm
-name
AssetImportWorker0
-projectPath
C:/Users/Sean/Unity/DotS
-logFile
Logs/AssetImportWorker0.log
-srvPort
52530
Successfully changed project path to: C:/Users/Sean/Unity/DotS
C:/Users/Sean/Unity/DotS
Using Asset Import Pipeline V2.
Refreshing native plugins compatible for Editor in 60.19 ms, found 0 plugins.
Preloading 0 native plugins for Editor in 0.00 ms.
Initialize engine version: 2020.2.2f1 (068178b99f32)
[Subsystems] Discovering subsystems at path C:/Program Files/Unity/Hub/Editor/2020.2.2f1/Editor/Data/Resources/UnitySubsystems
[Subsystems] Discovering subsystems at path C:/Users/Sean/Unity/DotS/Assets
GfxDevice: creating device client; threaded=0
Direct3D:
    Version:  Direct3D 11.0 [level 11.1]
    Renderer: NVIDIA GeForce GTX 1050 (ID=0x1c8d)
    Vendor:   
    VRAM:     4021 MB
Shader 'Universal Render Pipeline/Particles/Lit': fallback shader 'Universal Render Pipeline/Particles/SimpleLit' not found
Initialize mono
Mono path[0] = 'C:/Program Files/Unity/Hub/Editor/2020.2.2f1/Editor/Data/Managed'
Mono path[1] = 'C:/Program Files/Unity/Hub/Editor/2020.2.2f1/Editor/Data/MonoBleedingEdge/lib/mono/unityjit'
Mono config path = 'C:/Program Files/Unity/Hub/Editor/2020.2.2f1/Editor/Data/MonoBleedingEdge/etc'
Using monoOptions --debugger-agent=transport=dt_socket,embedding=1,server=y,suspend=n,address=127.0.0.1:56708
Begin MonoManager ReloadAssembly
Registering precompiled unity dll's ...
Register platform support module: C:/Program Files/Unity/Hub/Editor/2020.2.2f1/Editor/Data/PlaybackEngines/WindowsStandaloneSupport/UnityEditor.WindowsStandalone.Extensions.dll
Registered in 0.002050 seconds.
Native extension for WindowsStandalone target not found
Refreshing native plugins compatible for Editor in 66.46 ms, found 0 plugins.
Preloading 0 native plugins for Editor in 0.00 ms.
Invoked RoslynAnalysisRunner static constructor.
RoslynAnalysisRunner will not be running.
RoslynAnalysisRunner has terminated.
Mono: successfully reloaded assembly
- Completed reload, in  1.184 seconds
Platform modules already initialized, skipping
Registering precompiled user dll's ...
Registered in 0.003678 seconds.
Begin MonoManager ReloadAssembly
Native extension for WindowsStandalone target not found
Refreshing native plugins compatible for Editor in 64.25 ms, found 0 plugins.
Preloading 0 native plugins for Editor in 0.00 ms.
Invoked RoslynAnalysisRunner static constructor.
RoslynAnalysisRunner will not be running.
RoslynAnalysisRunner has terminated.
Mono: successfully reloaded assembly
- Completed reload, in  1.114 seconds
Platform modules already initialized, skipping
========================================================================
Worker process is ready to serve import requests
Shader 'Universal Render Pipeline/Particles/Lit': fallback shader 'Universal Render Pipeline/Particles/SimpleLit' not found
Launched and connected shader compiler UnityShaderCompiler.exe after 0.07 seconds
Refreshing native plugins compatible for Editor in 0.78 ms, found 0 plugins.
Preloading 0 native plugins for Editor in 0.00 ms.
Unloading 2759 Unused Serialized files (Serialized files now loaded: 0)
System memory in use before: 218.9 MB.
System memory in use after: 219.1 MB.

Unloading 17 unused Assets to reduce memory usage. Loaded Objects now: 3233.
Total: 2.828600 ms (FindLiveObjects: 0.478900 ms CreateObjectMapping: 0.158500 ms MarkObjects: 2.136200 ms  DeleteObjects: 0.053900 ms)

========================================================================
Received Import Request.
  path: Assets/Images/Units/Enemy Units
  artifactKey: Guid(ee02e46bf1a2372448d516d0b3fe027e) Importer(815301076,1909f56bfc062723c751e8b465ee728b)
Start importing Assets/Images/Units/Enemy Units using Guid(ee02e46bf1a2372448d516d0b3fe027e) Importer(815301076,1909f56bfc062723c751e8b465ee728b)  -> (artifact id: '9a2a2ee7ca9ccdb58fbe90df6d8d65e8') in 0.035418 seconds
  Import took 0.041446 seconds .

========================================================================
Received Import Request.
  Time since last request: 0.000337 seconds.
  path: Assets/Images/Units/Enemy Units/KvermFront1.png
  artifactKey: Guid(fbaa55130ba93fd4c88328d7c28226b5) Importer(815301076,1909f56bfc062723c751e8b465ee728b)
Start importing Assets/Images/Units/Enemy Units/KvermFront1.png using Guid(fbaa55130ba93fd4c88328d7c28226b5) Importer(815301076,1909f56bfc062723c751e8b465ee728b)  -> (artifact id: '31b7190de3e9910619abbf1ddd3109b2') in 0.128861 seconds
  Import took 0.133325 seconds .

========================================================================
Received Import Request.
  Time since last request: 1.081821 seconds.
  path: Assets/Images/Units/Enemy Units/KvermFront2.png
  artifactKey: Guid(acb57743afa461942bb8d6d73eb98808) Importer(815301076,1909f56bfc062723c751e8b465ee728b)
Start importing Assets/Images/Units/Enemy Units/KvermFront2.png using Guid(acb57743afa461942bb8d6d73eb98808) Importer(815301076,1909f56bfc062723c751e8b465ee728b)  -> (artifact id: '10c186daa9846157d1a226a4f384ea58') in 0.043425 seconds
  Import took 0.048202 seconds .

========================================================================
Received Import Request.
  Time since last request: 6.787013 seconds.
  path: Assets/Images/Units/Enemy Units/KvermFront2.png
  artifactKey: Guid(acb57743afa461942bb8d6d73eb98808) Importer(815301076,1909f56bfc062723c751e8b465ee728b)
Start importing Assets/Images/Units/Enemy Units/KvermFront2.png using Guid(acb57743afa461942bb8d6d73eb98808) Importer(815301076,1909f56bfc062723c751e8b465ee728b)  -> (artifact id: 'cfb19d23b76349175a00042dae8e1e60') in 0.074990 seconds
  Import took 0.082268 seconds .

========================================================================
Received Import Request.
  Time since last request: 5684.606606 seconds.
  path: Assets/Images/Units/Enemy Units/KvermFront1.png
  artifactKey: Guid(fbaa55130ba93fd4c88328d7c28226b5) Importer(815301076,1909f56bfc062723c751e8b465ee728b)
Start importing Assets/Images/Units/Enemy Units/KvermFront1.png using Guid(fbaa55130ba93fd4c88328d7c28226b5) Importer(815301076,1909f56bfc062723c751e8b465ee728b)  -> (artifact id: '001722141c69d539f0d7887644c9debd') in 0.086181 seconds
  Import took 0.099508 seconds .

========================================================================
Received Import Request.
  Time since last request: 0.024131 seconds.
  path: Assets/Images/Units/Enemy Units/KvermFront1.png
  artifactKey: Guid(fbaa55130ba93fd4c88328d7c28226b5) Importer(815301076,1909f56bfc062723c751e8b465ee728b)
Start importing Assets/Images/Units/Enemy Units/KvermFront1.png using Guid(fbaa55130ba93fd4c88328d7c28226b5) Importer(815301076,1909f56bfc062723c751e8b465ee728b)  -> (artifact id: '001722141c69d539f0d7887644c9debd') in 0.053863 seconds
  Import took 0.060441 seconds .

========================================================================
Received Prepare
Registering precompiled user dll's ...
Registered in 0.002986 seconds.
Begin MonoManager ReloadAssembly
Native extension for WindowsStandalone target not found
Refreshing native plugins compatible for Editor in 0.56 ms, found 0 plugins.
Preloading 0 native plugins for Editor in 0.00 ms.
Invoked RoslynAnalysisRunner static constructor.
RoslynAnalysisRunner will not be running.
RoslynAnalysisRunner has terminated.
Mono: successfully reloaded assembly
- Completed reload, in  1.034 seconds
Platform modules already initialized, skipping
Shader 'Universal Render Pipeline/Particles/Lit': fallback shader 'Universal Render Pipeline/Particles/SimpleLit' not found
Refreshing native plugins compatible for Editor in 0.56 ms, found 0 plugins.
Preloading 0 native plugins for Editor in 0.00 ms.
Unloading 2609 Unused Serialized files (Serialized files now loaded: 0)
System memory in use before: 213.9 MB.
System memory in use after: 214.1 MB.

Unloading 9 unused Assets to reduce memory usage. Loaded Objects now: 3241.
Total: 3.230000 ms (FindLiveObjects: 0.367100 ms CreateObjectMapping: 0.322300 ms MarkObjects: 2.503900 ms  DeleteObjects: 0.035100 ms)

========================================================================
Received Import Request.
  Time since last request: 648.380224 seconds.
  path: Assets/Images/Units/Enemy Units/KvermBack1.png
  artifactKey: Guid(c72646c09d7f81842b679c15c89fb570) Importer(815301076,1909f56bfc062723c751e8b465ee728b)
Start importing Assets/Images/Units/Enemy Units/KvermBack1.png using Guid(c72646c09d7f81842b679c15c89fb570) Importer(815301076,1909f56bfc062723c751e8b465ee728b)  -> (artifact id: 'a023eba2ceb948bc81c446ff27607bed') in 0.077843 seconds
  Import took 0.082953 seconds .

========================================================================
Received Import Request.
  Time since last request: 0.970673 seconds.
  path: Assets/Images/Units/Enemy Units/KvermBack1.png
  artifactKey: Guid(c72646c09d7f81842b679c15c89fb570) Importer(815301076,1909f56bfc062723c751e8b465ee728b)
Start importing Assets/Images/Units/Enemy Units/KvermBack1.png using Guid(c72646c09d7f81842b679c15c89fb570) Importer(815301076,1909f56bfc062723c751e8b465ee728b)  -> (artifact id: 'a023eba2ceb948bc81c446ff27607bed') in 0.046476 seconds
  Import took 0.051412 seconds .

========================================================================
Received Import Request.
  Time since last request: 102.846016 seconds.
  path: Assets/Images/Units/Enemy Units/KvermBack1.png
  artifactKey: Guid(c72646c09d7f81842b679c15c89fb570) Importer(815301076,1909f56bfc062723c751e8b465ee728b)
Start importing Assets/Images/Units/Enemy Units/KvermBack1.png using Guid(c72646c09d7f81842b679c15c89fb570) Importer(815301076,1909f56bfc062723c751e8b465ee728b)  -> (artifact id: 'ca56b022d343c167813e70a2192ab3b8') in 0.058955 seconds
  Import took 0.063410 seconds .

========================================================================
Received Import Request.
  Time since last request: 284.520322 seconds.
  path: Assets/Images/Units/Enemy Units/KvermBack2.png
  artifactKey: Guid(2fdf120b7e85102479a4137e7cae2ebd) Importer(815301076,1909f56bfc062723c751e8b465ee728b)
Start importing Assets/Images/Units/Enemy Units/KvermBack2.png using Guid(2fdf120b7e85102479a4137e7cae2ebd) Importer(815301076,1909f56bfc062723c751e8b465ee728b)  -> (artifact id: '10fb86073a2b0b9f3fcde108133cd774') in 0.040888 seconds
  Import took 0.045710 seconds .

========================================================================
Received Import Request.
  Time since last request: 29.126394 seconds.
  path: Assets/Images/Units/Enemy Units/KvermBack2.png
  artifactKey: Guid(2fdf120b7e85102479a4137e7cae2ebd) Importer(815301076,1909f56bfc062723c751e8b465ee728b)
Start importing Assets/Images/Units/Enemy Units/KvermBack2.png using Guid(2fdf120b7e85102479a4137e7cae2ebd) Importer(815301076,1909f56bfc062723c751e8b465ee728b)  -> (artifact id: '397bbd0bd396582b1f1aecde23b0526e') in 0.038058 seconds
  Import took 0.043458 seconds .

========================================================================
Received Import Request.
  Time since last request: 147.751795 seconds.
  path: Assets/Images/Units/Enemy Units/KvermBack2.png
  artifactKey: Guid(2fdf120b7e85102479a4137e7cae2ebd) Importer(815301076,1909f56bfc062723c751e8b465ee728b)
Start importing Assets/Images/Units/Enemy Units/KvermBack2.png using Guid(2fdf120b7e85102479a4137e7cae2ebd) Importer(815301076,1909f56bfc062723c751e8b465ee728b)  -> (artifact id: '3f24025e0b5e8c840b641eb6a1a5a3e5') in 0.039120 seconds
  Import took 0.044419 seconds .

========================================================================
Received Import Request.
  Time since last request: 1022.733794 seconds.
  path: Assets/Images/Units/Enemy Units/KvermBack2.png
  artifactKey: Guid(2fdf120b7e85102479a4137e7cae2ebd) Importer(815301076,1909f56bfc062723c751e8b465ee728b)
Start importing Assets/Images/Units/Enemy Units/KvermBack2.png using Guid(2fdf120b7e85102479a4137e7cae2ebd) Importer(815301076,1909f56bfc062723c751e8b465ee728b)  -> (artifact id: '8c0df949b9fd715f47926ca02bd8f1a1') in 0.065731 seconds
  Import took 0.072489 seconds .

========================================================================
Received Import Request.
  Time since last request: 1.520536 seconds.
  path: Assets/Images/Units/Enemy Units/GaltsaFront2.png
  artifactKey: Guid(a93ed63f37da75742bd54b4655a0a3fd) Importer(815301076,1909f56bfc062723c751e8b465ee728b)
Start importing Assets/Images/Units/Enemy Units/GaltsaFront2.png using Guid(a93ed63f37da75742bd54b4655a0a3fd) Importer(815301076,1909f56bfc062723c751e8b465ee728b)  -> (artifact id: 'b291613dc6fdaf192f71cc29d38ac3be') in 0.057471 seconds
  Import took 0.062073 seconds .

========================================================================
Received Import Request.
  Time since last request: 4.182702 seconds.
  path: Assets/Images/Units/Enemy Units/Titrumbeast1Front2.png
  artifactKey: Guid(2eb093dca558adb4ba110763587403e9) Importer(815301076,1909f56bfc062723c751e8b465ee728b)
Start importing Assets/Images/Units/Enemy Units/Titrumbeast1Front2.png using Guid(2eb093dca558adb4ba110763587403e9) Importer(815301076,1909f56bfc062723c751e8b465ee728b)  -> (artifact id: 'ff89952e93d546fd371ce2f270c49bf8') in 0.039413 seconds
  Import took 0.045110 seconds .

========================================================================
Received Import Request.
  Time since last request: 0.469833 seconds.
  path: Assets/Images/Units/Enemy Units/Titrumbeast1Front1.png
  artifactKey: Guid(72c4799d3cc332545b1b8daac52ae8d0) Importer(815301076,1909f56bfc062723c751e8b465ee728b)
Start importing Assets/Images/Units/Enemy Units/Titrumbeast1Front1.png using Guid(72c4799d3cc332545b1b8daac52ae8d0) Importer(815301076,1909f56bfc062723c751e8b465ee728b)  -> (artifact id: 'ac4e234a6b29f01dba26b6702ec289de') in 0.039062 seconds
  Import took 0.044368 seconds .

========================================================================
Received Import Request.
  Time since last request: 14.845667 seconds.
  path: Assets/Images/Units/Enemy Units/Titrumbeast1Front1.png
  artifactKey: Guid(72c4799d3cc332545b1b8daac52ae8d0) Importer(815301076,1909f56bfc062723c751e8b465ee728b)
Start importing Assets/Images/Units/Enemy Units/Titrumbeast1Front1.png using Guid(72c4799d3cc332545b1b8daac52ae8d0) Importer(815301076,1909f56bfc062723c751e8b465ee728b)  -> (artifact id: '8c9b1a7be6fc9a2933f9346ec099cc97') in 0.048935 seconds
  Import took 0.055107 seconds .

========================================================================
Received Prepare
Registering precompiled user dll's ...
Registered in 0.003111 seconds.
Begin MonoManager ReloadAssembly
Native extension for WindowsStandalone target not found
Refreshing native plugins compatible for Editor in 0.58 ms, found 0 plugins.
Preloading 0 native plugins for Editor in 0.00 ms.
Invoked RoslynAnalysisRunner static constructor.
RoslynAnalysisRunner will not be running.
RoslynAnalysisRunner has terminated.
Mono: successfully reloaded assembly
- Completed reload, in  1.016 seconds
Platform modules already initialized, skipping
Shader 'Universal Render Pipeline/Particles/Lit': fallback shader 'Universal Render Pipeline/Particles/SimpleLit' not found
Refreshing native plugins compatible for Editor in 0.55 ms, found 0 plugins.
Preloading 0 native plugins for Editor in 0.00 ms.
Unloading 2609 Unused Serialized files (Serialized files now loaded: 0)
System memory in use before: 214.0 MB.
System memory in use after: 214.2 MB.

Unloading 9 unused Assets to reduce memory usage. Loaded Objects now: 3244.
Total: 3.698100 ms (FindLiveObjects: 0.370500 ms CreateObjectMapping: 0.172200 ms MarkObjects: 3.120600 ms  DeleteObjects: 0.033200 ms)

========================================================================
Received Import Request.
  Time since last request: 712.696853 seconds.
  path: Assets/Prefabs/Slot/Slot.prefab
  artifactKey: Guid(87e1be6ca8d3f9449a295e3185b72b94) Importer(815301076,1909f56bfc062723c751e8b465ee728b)
Start importing Assets/Prefabs/Slot/Slot.prefab using Guid(87e1be6ca8d3f9449a295e3185b72b94) Importer(815301076,1909f56bfc062723c751e8b465ee728b)  -> (artifact id: '8265b03f68c74ee9ef57243678dc1f3a') in 0.095720 seconds
  Import took 0.101940 seconds .

========================================================================
Received Prepare
Registering precompiled user dll's ...
Registered in 0.003053 seconds.
Begin MonoManager ReloadAssembly
Native extension for WindowsStandalone target not found
Refreshing native plugins compatible for Editor in 0.58 ms, found 0 plugins.
Preloading 0 native plugins for Editor in 0.00 ms.
Invoked RoslynAnalysisRunner static constructor.
RoslynAnalysisRunner will not be running.
RoslynAnalysisRunner has terminated.
Mono: successfully reloaded assembly
- Completed reload, in  0.933 seconds
Platform modules already initialized, skipping
Shader 'Universal Render Pipeline/Particles/Lit': fallback shader 'Universal Render Pipeline/Particles/SimpleLit' not found
Refreshing native plugins compatible for Editor in 0.57 ms, found 0 plugins.
Preloading 0 native plugins for Editor in 0.00 ms.
Unloading 2609 Unused Serialized files (Serialized files now loaded: 0)
System memory in use before: 214.0 MB.
System memory in use after: 214.2 MB.

Unloading 11 unused Assets to reduce memory usage. Loaded Objects now: 3246.
Total: 2.568400 ms (FindLiveObjects: 0.383200 ms CreateObjectMapping: 0.147600 ms MarkObjects: 1.981000 ms  DeleteObjects: 0.055500 ms)

========================================================================
Received Prepare
Registering precompiled user dll's ...
Registered in 0.003035 seconds.
Begin MonoManager ReloadAssembly
Native extension for WindowsStandalone target not found
Refreshing native plugins compatible for Editor in 0.57 ms, found 0 plugins.
Preloading 0 native plugins for Editor in 0.00 ms.
Invoked RoslynAnalysisRunner static constructor.
RoslynAnalysisRunner will not be running.
RoslynAnalysisRunner has terminated.
Mono: successfully reloaded assembly
- Completed reload, in  1.353 seconds
Platform modules already initialized, skipping
Shader 'Universal Render Pipeline/Particles/Lit': fallback shader 'Universal Render Pipeline/Particles/SimpleLit' not found
Refreshing native plugins compatible for Editor in 0.75 ms, found 0 plugins.
Preloading 0 native plugins for Editor in 0.00 ms.
Unloading 2609 Unused Serialized files (Serialized files now loaded: 0)
System memory in use before: 214.0 MB.
System memory in use after: 214.3 MB.

Unloading 9 unused Assets to reduce memory usage. Loaded Objects now: 3248.
Total: 3.727000 ms (FindLiveObjects: 0.295800 ms CreateObjectMapping: 0.144300 ms MarkObjects: 3.256800 ms  DeleteObjects: 0.026700 ms)

========================================================================
Received Import Request.
  Time since last request: 1650.189957 seconds.
  path: Assets/Prefabs/Slot/Slot.prefab
  artifactKey: Guid(87e1be6ca8d3f9449a295e3185b72b94) Importer(815301076,1909f56bfc062723c751e8b465ee728b)
Start importing Assets/Prefabs/Slot/Slot.prefab using Guid(87e1be6ca8d3f9449a295e3185b72b94) Importer(815301076,1909f56bfc062723c751e8b465ee728b)  -> (artifact id: '1802467c17bc00f63c53458ee97773f4') in 0.089378 seconds
  Import took 0.096630 seconds .

========================================================================
Received Import Request.
  Time since last request: 0.043289 seconds.
  path: Assets/Prefabs/Slot/Slot.prefab
  artifactKey: Guid(87e1be6ca8d3f9449a295e3185b72b94) Importer(815301076,1909f56bfc062723c751e8b465ee728b)
Start importing Assets/Prefabs/Slot/Slot.prefab using Guid(87e1be6ca8d3f9449a295e3185b72b94) Importer(815301076,1909f56bfc062723c751e8b465ee728b)  -> (artifact id: '1802467c17bc00f63c53458ee97773f4') in 0.019327 seconds
  Import took 0.024887 seconds .

========================================================================
Received Prepare
Registering precompiled user dll's ...
Registered in 0.002961 seconds.
Begin MonoManager ReloadAssembly
Native extension for WindowsStandalone target not found
Refreshing native plugins compatible for Editor in 0.56 ms, found 0 plugins.
Preloading 0 native plugins for Editor in 0.00 ms.
Invoked RoslynAnalysisRunner static constructor.
RoslynAnalysisRunner will not be running.
RoslynAnalysisRunner has terminated.
Mono: successfully reloaded assembly
- Completed reload, in  1.054 seconds
Platform modules already initialized, skipping
Shader 'Universal Render Pipeline/Particles/Lit': fallback shader 'Universal Render Pipeline/Particles/SimpleLit' not found
Refreshing native plugins compatible for Editor in 0.56 ms, found 0 plugins.
Preloading 0 native plugins for Editor in 0.00 ms.
Unloading 2609 Unused Serialized files (Serialized files now loaded: 0)
System memory in use before: 214.1 MB.
System memory in use after: 214.3 MB.

Unloading 11 unused Assets to reduce memory usage. Loaded Objects now: 3250.
Total: 2.684900 ms (FindLiveObjects: 0.287500 ms CreateObjectMapping: 0.156300 ms MarkObjects: 2.185500 ms  DeleteObjects: 0.054400 ms)

========================================================================
Received Prepare
Registering precompiled user dll's ...
Registered in 0.003490 seconds.
Begin MonoManager ReloadAssembly
Native extension for WindowsStandalone target not found
Refreshing native plugins compatible for Editor in 0.56 ms, found 0 plugins.
Preloading 0 native plugins for Editor in 0.00 ms.
Invoked RoslynAnalysisRunner static constructor.
RoslynAnalysisRunner will not be running.
RoslynAnalysisRunner has terminated.
Mono: successfully reloaded assembly
- Completed reload, in  1.025 seconds
Platform modules already initialized, skipping
Shader 'Universal Render Pipeline/Particles/Lit': fallback shader 'Universal Render Pipeline/Particles/SimpleLit' not found
Refreshing native plugins compatible for Editor in 0.64 ms, found 0 plugins.
Preloading 0 native plugins for Editor in 0.00 ms.
Unloading 2609 Unused Serialized files (Serialized files now loaded: 0)
System memory in use before: 214.1 MB.
System memory in use after: 214.3 MB.

Unloading 9 unused Assets to reduce memory usage. Loaded Objects now: 3252.
Total: 3.286700 ms (FindLiveObjects: 0.324300 ms CreateObjectMapping: 0.212900 ms MarkObjects: 2.708200 ms  DeleteObjects: 0.039800 ms)

========================================================================
Received Prepare
Registering precompiled user dll's ...
Registered in 0.004160 seconds.
Begin MonoManager ReloadAssembly
Native extension for WindowsStandalone target not found
Refreshing native plugins compatible for Editor in 0.54 ms, found 0 plugins.
Preloading 0 native plugins for Editor in 0.00 ms.
Invoked RoslynAnalysisRunner static constructor.
RoslynAnalysisRunner will not be running.
RoslynAnalysisRunner has terminated.
Mono: successfully reloaded assembly
- Completed reload, in  0.977 seconds
Platform modules already initialized, skipping
Shader 'Universal Render Pipeline/Particles/Lit': fallback shader 'Universal Render Pipeline/Particles/SimpleLit' not found
Refreshing native plugins compatible for Editor in 0.60 ms, found 0 plugins.
Preloading 0 native plugins for Editor in 0.00 ms.
Unloading 2609 Unused Serialized files (Serialized files now loaded: 0)
System memory in use before: 214.1 MB.
System memory in use after: 214.3 MB.

Unloading 9 unused Assets to reduce memory usage. Loaded Objects now: 3254.
Total: 3.256700 ms (FindLiveObjects: 0.386700 ms CreateObjectMapping: 0.230600 ms MarkObjects: 2.598500 ms  DeleteObjects: 0.039600 ms)

========================================================================
Received Prepare
Registering precompiled user dll's ...
Registered in 0.002988 seconds.
Begin MonoManager ReloadAssembly
Native extension for WindowsStandalone target not found
Refreshing native plugins compatible for Editor in 0.60 ms, found 0 plugins.
Preloading 0 native plugins for Editor in 0.00 ms.
Invoked RoslynAnalysisRunner static constructor.
RoslynAnalysisRunner will not be running.
RoslynAnalysisRunner has terminated.
Mono: successfully reloaded assembly
- Completed reload, in  1.072 seconds
Platform modules already initialized, skipping
Shader 'Universal Render Pipeline/Particles/Lit': fallback shader 'Universal Render Pipeline/Particles/SimpleLit' not found
Refreshing native plugins compatible for Editor in 0.56 ms, found 0 plugins.
Preloading 0 native plugins for Editor in 0.00 ms.
Unloading 2609 Unused Serialized files (Serialized files now loaded: 0)
System memory in use before: 214.1 MB.
System memory in use after: 214.3 MB.

Unloading 9 unused Assets to reduce memory usage. Loaded Objects now: 3256.
Total: 3.043800 ms (FindLiveObjects: 0.589200 ms CreateObjectMapping: 0.210300 ms MarkObjects: 2.184500 ms  DeleteObjects: 0.058000 ms)

========================================================================
Received Prepare
Registering precompiled user dll's ...
Registered in 0.002900 seconds.
Begin MonoManager ReloadAssembly
Native extension for WindowsStandalone target not found
Refreshing native plugins compatible for Editor in 0.68 ms, found 0 plugins.
Preloading 0 native plugins for Editor in 0.00 ms.
Invoked RoslynAnalysisRunner static constructor.
RoslynAnalysisRunner will not be running.
RoslynAnalysisRunner has terminated.
Mono: successfully reloaded assembly
- Completed reload, in  1.011 seconds
Platform modules already initialized, skipping
Shader 'Universal Render Pipeline/Particles/Lit': fallback shader 'Universal Render Pipeline/Particles/SimpleLit' not found
Refreshing native plugins compatible for Editor in 0.57 ms, found 0 plugins.
Preloading 0 native plugins for Editor in 0.00 ms.
Unloading 2609 Unused Serialized files (Serialized files now loaded: 0)
System memory in use before: 214.1 MB.
System memory in use after: 214.3 MB.

Unloading 9 unused Assets to reduce memory usage. Loaded Objects now: 3258.
Total: 2.864300 ms (FindLiveObjects: 0.316000 ms CreateObjectMapping: 0.188400 ms MarkObjects: 2.320700 ms  DeleteObjects: 0.037700 ms)

========================================================================
Received Prepare
Registering precompiled user dll's ...
Registered in 0.002963 seconds.
Begin MonoManager ReloadAssembly
Native extension for WindowsStandalone target not found
Refreshing native plugins compatible for Editor in 0.60 ms, found 0 plugins.
Preloading 0 native plugins for Editor in 0.00 ms.
Invoked RoslynAnalysisRunner static constructor.
RoslynAnalysisRunner will not be running.
RoslynAnalysisRunner has terminated.
Mono: successfully reloaded assembly
- Completed reload, in  1.002 seconds
Platform modules already initialized, skipping
Shader 'Universal Render Pipeline/Particles/Lit': fallback shader 'Universal Render Pipeline/Particles/SimpleLit' not found
Refreshing native plugins compatible for Editor in 0.55 ms, found 0 plugins.
Preloading 0 native plugins for Editor in 0.00 ms.
Unloading 2609 Unused Serialized files (Serialized files now loaded: 0)
System memory in use before: 214.1 MB.
System memory in use after: 214.3 MB.

Unloading 9 unused Assets to reduce memory usage. Loaded Objects now: 3260.
Total: 2.967700 ms (FindLiveObjects: 0.451700 ms CreateObjectMapping: 0.195000 ms MarkObjects: 2.280600 ms  DeleteObjects: 0.038900 ms)

========================================================================
Received Import Request.
  Time since last request: 2984.917505 seconds.
  path: Assets/Images/Units/Enemy Units/GaltsaFront1.png
  artifactKey: Guid(94c591ec59574b640af8fa566d712501) Importer(815301076,1909f56bfc062723c751e8b465ee728b)
Start importing Assets/Images/Units/Enemy Units/GaltsaFront1.png using Guid(94c591ec59574b640af8fa566d712501) Importer(815301076,1909f56bfc062723c751e8b465ee728b)  -> (artifact id: '74204519ef192b9f4491af11d5f67494') in 0.115672 seconds
  Import took 0.122406 seconds .

========================================================================
Received Import Request.
  Time since last request: 0.857505 seconds.
  path: Assets/Images/Units/Enemy Units/GaltsaFront2.png
  artifactKey: Guid(a93ed63f37da75742bd54b4655a0a3fd) Importer(815301076,1909f56bfc062723c751e8b465ee728b)
Start importing Assets/Images/Units/Enemy Units/GaltsaFront2.png using Guid(a93ed63f37da75742bd54b4655a0a3fd) Importer(815301076,1909f56bfc062723c751e8b465ee728b)  -> (artifact id: 'fa04710d2ae922e6a96b902dc0047f1d') in 0.045502 seconds
  Import took 0.050264 seconds .

========================================================================
Received Import Request.
  Time since last request: 13.101290 seconds.
  path: Assets/Images/Units/Enemy Units/KvermBack1.png
  artifactKey: Guid(c72646c09d7f81842b679c15c89fb570) Importer(815301076,1909f56bfc062723c751e8b465ee728b)
Start importing Assets/Images/Units/Enemy Units/KvermBack1.png using Guid(c72646c09d7f81842b679c15c89fb570) Importer(815301076,1909f56bfc062723c751e8b465ee728b)  -> (artifact id: '0da1b66c5eba49cc597f05e37b36792d') in 0.045148 seconds
  Import took 0.050199 seconds .

========================================================================
Received Import Request.
  Time since last request: 0.982561 seconds.
  path: Assets/Images/Units/Enemy Units/KvermBack2.png
  artifactKey: Guid(2fdf120b7e85102479a4137e7cae2ebd) Importer(815301076,1909f56bfc062723c751e8b465ee728b)
Start importing Assets/Images/Units/Enemy Units/KvermBack2.png using Guid(2fdf120b7e85102479a4137e7cae2ebd) Importer(815301076,1909f56bfc062723c751e8b465ee728b)  -> (artifact id: '6bcbbb0215e24f517a2aaa28dec5719e') in 0.042287 seconds
  Import took 0.047366 seconds .

========================================================================
Received Import Request.
  Time since last request: 7.262918 seconds.
  path: Assets/Images/Units/Enemy Units/KvermFront1.png
  artifactKey: Guid(fbaa55130ba93fd4c88328d7c28226b5) Importer(815301076,1909f56bfc062723c751e8b465ee728b)
Start importing Assets/Images/Units/Enemy Units/KvermFront1.png using Guid(fbaa55130ba93fd4c88328d7c28226b5) Importer(815301076,1909f56bfc062723c751e8b465ee728b)  -> (artifact id: '46f9b8b3603556674ae39679bbb07b03') in 0.040550 seconds
  Import took 0.045789 seconds .

========================================================================
Received Import Request.
  Time since last request: 1.306954 seconds.
  path: Assets/Images/Units/Enemy Units/KvermFront2.png
  artifactKey: Guid(acb57743afa461942bb8d6d73eb98808) Importer(815301076,1909f56bfc062723c751e8b465ee728b)
Start importing Assets/Images/Units/Enemy Units/KvermFront2.png using Guid(acb57743afa461942bb8d6d73eb98808) Importer(815301076,1909f56bfc062723c751e8b465ee728b)  -> (artifact id: 'ad326fca8cf3f05c404be7438bdf9353') in 0.043656 seconds
  Import took 0.048878 seconds .

========================================================================
Received Import Request.
  Time since last request: 77.376641 seconds.
  path: Assets/Images/Units/Enemy Units/GaltsaBack1.png
  artifactKey: Guid(048913e5148dac64c9e7a60aa35f59be) Importer(815301076,1909f56bfc062723c751e8b465ee728b)
Start importing Assets/Images/Units/Enemy Units/GaltsaBack1.png using Guid(048913e5148dac64c9e7a60aa35f59be) Importer(815301076,1909f56bfc062723c751e8b465ee728b)  -> (artifact id: 'a01df10ef0daf1b258443d42f3df7e0b') in 0.046773 seconds
  Import took 0.052581 seconds .

========================================================================
Received Import Request.
  Time since last request: 0.000336 seconds.
  path: Assets/Images/Units/Enemy Units/Titrumbeast1Back1.png
  artifactKey: Guid(95dae2bf927bff148990fa9f2aef3f4e) Importer(815301076,1909f56bfc062723c751e8b465ee728b)
Start importing Assets/Images/Units/Enemy Units/Titrumbeast1Back1.png using Guid(95dae2bf927bff148990fa9f2aef3f4e) Importer(815301076,1909f56bfc062723c751e8b465ee728b)  -> (artifact id: '9ea47f26f7f84d66d6567221280f4aa9') in 0.047732 seconds
  Import took 0.054692 seconds .

========================================================================
Received Import Request.
  Time since last request: 0.000283 seconds.
  path: Assets/Images/Units/Enemy Units/GaltsaBack2.png
  artifactKey: Guid(77276cc6f74021447a2e94c5aa23155c) Importer(815301076,1909f56bfc062723c751e8b465ee728b)
Start importing Assets/Images/Units/Enemy Units/GaltsaBack2.png using Guid(77276cc6f74021447a2e94c5aa23155c) Importer(815301076,1909f56bfc062723c751e8b465ee728b)  -> (artifact id: 'd8dbe4e72b38afa68916b34370224533') in 0.047944 seconds
  Import took 0.054656 seconds .

========================================================================
Received Import Request.
  Time since last request: 0.000246 seconds.
  path: Assets/Images/Units/Enemy Units/Titrumbeast1Front2.png
  artifactKey: Guid(2eb093dca558adb4ba110763587403e9) Importer(815301076,1909f56bfc062723c751e8b465ee728b)
Start importing Assets/Images/Units/Enemy Units/Titrumbeast1Front2.png using Guid(2eb093dca558adb4ba110763587403e9) Importer(815301076,1909f56bfc062723c751e8b465ee728b)  -> (artifact id: 'c162fb208ec0dbbbb58b87f1c1371338') in 0.042182 seconds
  Import took 0.048928 seconds .

========================================================================
Received Import Request.
  Time since last request: 0.000267 seconds.
  path: Assets/Images/Units/Enemy Units/GaltsaBack2.png
  artifactKey: Guid(77276cc6f74021447a2e94c5aa23155c) Importer(815301076,1909f56bfc062723c751e8b465ee728b)
Start importing Assets/Images/Units/Enemy Units/GaltsaBack2.png using Guid(77276cc6f74021447a2e94c5aa23155c) Importer(815301076,1909f56bfc062723c751e8b465ee728b)  -> (artifact id: 'd8dbe4e72b38afa68916b34370224533') in 0.038627 seconds
  Import took 0.046018 seconds .

========================================================================
Received Import Request.
  Time since last request: 0.000233 seconds.
  path: Assets/Images/Units/Enemy Units/GaltsaBack1.png
  artifactKey: Guid(048913e5148dac64c9e7a60aa35f59be) Importer(815301076,1909f56bfc062723c751e8b465ee728b)
Start importing Assets/Images/Units/Enemy Units/GaltsaBack1.png using Guid(048913e5148dac64c9e7a60aa35f59be) Importer(815301076,1909f56bfc062723c751e8b465ee728b)  -> (artifact id: 'a01df10ef0daf1b258443d42f3df7e0b') in 0.042797 seconds
  Import took 0.049863 seconds .

========================================================================
Received Import Request.
  Time since last request: 0.000266 seconds.
  path: Assets/Images/Units/Enemy Units/Titrumbeast1Front1.png
  artifactKey: Guid(72c4799d3cc332545b1b8daac52ae8d0) Importer(815301076,1909f56bfc062723c751e8b465ee728b)
Start importing Assets/Images/Units/Enemy Units/Titrumbeast1Front1.png using Guid(72c4799d3cc332545b1b8daac52ae8d0) Importer(815301076,1909f56bfc062723c751e8b465ee728b)  -> (artifact id: '2ad3f43f08dab216df9bfb6d2bbd495e') in 0.043287 seconds
  Import took 0.049483 seconds .

========================================================================
Received Import Request.
  Time since last request: 0.000557 seconds.
  path: Assets/Images/Units/Enemy Units/Titrumbeast1Back2.png
  artifactKey: Guid(0156268e06307cb48b59a2bb645be0ba) Importer(815301076,1909f56bfc062723c751e8b465ee728b)
Start importing Assets/Images/Units/Enemy Units/Titrumbeast1Back2.png using Guid(0156268e06307cb48b59a2bb645be0ba) Importer(815301076,1909f56bfc062723c751e8b465ee728b)  -> (artifact id: '0d6202f5f1a03a2e83c5b7762a0a80e9') in 0.043477 seconds
  Import took 0.049291 seconds .

========================================================================
Received Import Request.
  Time since last request: 0.014360 seconds.
  path: Assets/Images/Units/Enemy Units/Titrumbeast1Front1.png
  artifactKey: Guid(72c4799d3cc332545b1b8daac52ae8d0) Importer(815301076,1909f56bfc062723c751e8b465ee728b)
Start importing Assets/Images/Units/Enemy Units/Titrumbeast1Front1.png using Guid(72c4799d3cc332545b1b8daac52ae8d0) Importer(815301076,1909f56bfc062723c751e8b465ee728b)  -> (artifact id: '2ad3f43f08dab216df9bfb6d2bbd495e') in 0.040029 seconds
  Import took 0.045208 seconds .

========================================================================
Received Prepare
Registering precompiled user dll's ...
Registered in 0.002885 seconds.
Begin MonoManager ReloadAssembly
Native extension for WindowsStandalone target not found
Refreshing native plugins compatible for Editor in 0.54 ms, found 0 plugins.
Preloading 0 native plugins for Editor in 0.00 ms.
Invoked RoslynAnalysisRunner static constructor.
RoslynAnalysisRunner will not be running.
RoslynAnalysisRunner has terminated.
Mono: successfully reloaded assembly
- Completed reload, in  0.908 seconds
Platform modules already initialized, skipping
Shader 'Universal Render Pipeline/Particles/Lit': fallback shader 'Universal Render Pipeline/Particles/SimpleLit' not found
Refreshing native plugins compatible for Editor in 0.55 ms, found 0 plugins.
Preloading 0 native plugins for Editor in 0.00 ms.
Unloading 2609 Unused Serialized files (Serialized files now loaded: 0)
System memory in use before: 214.1 MB.
System memory in use after: 214.3 MB.

Unloading 9 unused Assets to reduce memory usage. Loaded Objects now: 3263.
Total: 2.829000 ms (FindLiveObjects: 0.324800 ms CreateObjectMapping: 0.144200 ms MarkObjects: 2.321500 ms  DeleteObjects: 0.037600 ms)

========================================================================
Received Import Request.
  Time since last request: 3660.489067 seconds.
  path: Assets/Images/Units/Enemy Units/KvermFront1.png
  artifactKey: Guid(fbaa55130ba93fd4c88328d7c28226b5) Importer(815301076,1909f56bfc062723c751e8b465ee728b)
Start importing Assets/Images/Units/Enemy Units/KvermFront1.png using Guid(fbaa55130ba93fd4c88328d7c28226b5) Importer(815301076,1909f56bfc062723c751e8b465ee728b)  -> (artifact id: '1d9513424648196de7f46e3beca6d481') in 0.169869 seconds
  Import took 0.176721 seconds .

========================================================================
Received Import Request.
  Time since last request: 2358.915274 seconds.
  path: Assets/Images/Units/Enemy Units/KvermFront1.png
  artifactKey: Guid(fbaa55130ba93fd4c88328d7c28226b5) Importer(815301076,1909f56bfc062723c751e8b465ee728b)
Start importing Assets/Images/Units/Enemy Units/KvermFront1.png using Guid(fbaa55130ba93fd4c88328d7c28226b5) Importer(815301076,1909f56bfc062723c751e8b465ee728b)  -> (artifact id: 'cb392bfd5415ac266166fb84d288db0b') in 0.047774 seconds
  Import took 0.054333 seconds .

========================================================================
Received Import Request.
  Time since last request: 0.910438 seconds.
  path: Assets/Images/Units/Enemy Units/KvermFront2.png
  artifactKey: Guid(acb57743afa461942bb8d6d73eb98808) Importer(815301076,1909f56bfc062723c751e8b465ee728b)
Start importing Assets/Images/Units/Enemy Units/KvermFront2.png using Guid(acb57743afa461942bb8d6d73eb98808) Importer(815301076,1909f56bfc062723c751e8b465ee728b)  -> (artifact id: 'fd2a8e65625d4db4456c3ec14f9c217f') in 0.044277 seconds
  Import took 0.048933 seconds .

========================================================================
Received Import Request.
  Time since last request: 346.303918 seconds.
  path: Assets/Images/Units/Enemy Units/KvermFront2.png
  artifactKey: Guid(acb57743afa461942bb8d6d73eb98808) Importer(815301076,1909f56bfc062723c751e8b465ee728b)
Start importing Assets/Images/Units/Enemy Units/KvermFront2.png using Guid(acb57743afa461942bb8d6d73eb98808) Importer(815301076,1909f56bfc062723c751e8b465ee728b)  -> (artifact id: '05b6fbdc999821c9b58da35294b50a4b') in 0.046993 seconds
  Import took 0.053275 seconds .

========================================================================
Received Import Request.
  Time since last request: 1.175983 seconds.
  path: Assets/Images/Units/Enemy Units/KvermFront1.png
  artifactKey: Guid(fbaa55130ba93fd4c88328d7c28226b5) Importer(815301076,1909f56bfc062723c751e8b465ee728b)
Start importing Assets/Images/Units/Enemy Units/KvermFront1.png using Guid(fbaa55130ba93fd4c88328d7c28226b5) Importer(815301076,1909f56bfc062723c751e8b465ee728b)  -> (artifact id: '8452464ec12f2d223e8907f49f5474c4') in 0.042003 seconds
  Import took 0.047385 seconds .

========================================================================
Received Import Request.
  Time since last request: 3848.721416 seconds.
  path: Assets/Images/Units/Enemy Units/KvermFront2.png
  artifactKey: Guid(acb57743afa461942bb8d6d73eb98808) Importer(815301076,1909f56bfc062723c751e8b465ee728b)
Start importing Assets/Images/Units/Enemy Units/KvermFront2.png using Guid(acb57743afa461942bb8d6d73eb98808) Importer(815301076,1909f56bfc062723c751e8b465ee728b)  -> (artifact id: '1c48705bc191485bba25a79cc64ca8e6') in 0.077115 seconds
  Import took 0.089122 seconds .

========================================================================
Received Import Request.
  Time since last request: 8.844503 seconds.
  path: Assets/Images/Units/Enemy Units/KvermFront1.png
  artifactKey: Guid(fbaa55130ba93fd4c88328d7c28226b5) Importer(815301076,1909f56bfc062723c751e8b465ee728b)
Start importing Assets/Images/Units/Enemy Units/KvermFront1.png using Guid(fbaa55130ba93fd4c88328d7c28226b5) Importer(815301076,1909f56bfc062723c751e8b465ee728b)  -> (artifact id: '067a30d4c709ea1f394b91d9accd3b30') in 0.051149 seconds
  Import took 0.056423 seconds .

========================================================================
Received Import Request.
  Time since last request: 3009.751711 seconds.
  path: Assets/Images/Units/Enemy Units/Titrumbeast1Back1.png
  artifactKey: Guid(95dae2bf927bff148990fa9f2aef3f4e) Importer(815301076,1909f56bfc062723c751e8b465ee728b)
Start importing Assets/Images/Units/Enemy Units/Titrumbeast1Back1.png using Guid(95dae2bf927bff148990fa9f2aef3f4e) Importer(815301076,1909f56bfc062723c751e8b465ee728b)  -> (artifact id: '0e32d3ba0af117875391a5ff25c20081') in 0.077022 seconds
  Import took 0.083216 seconds .

========================================================================
Received Prepare
Registering precompiled user dll's ...
Registered in 0.003184 seconds.
Begin MonoManager ReloadAssembly
Native extension for WindowsStandalone target not found
Refreshing native plugins compatible for Editor in 0.78 ms, found 0 plugins.
Preloading 0 native plugins for Editor in 0.00 ms.
Invoked RoslynAnalysisRunner static constructor.
RoslynAnalysisRunner will not be running.
RoslynAnalysisRunner has terminated.
Mono: successfully reloaded assembly
- Completed reload, in  1.122 seconds
Platform modules already initialized, skipping
Shader 'Universal Render Pipeline/Particles/Lit': fallback shader 'Universal Render Pipeline/Particles/SimpleLit' not found
Refreshing native plugins compatible for Editor in 0.57 ms, found 0 plugins.
Preloading 0 native plugins for Editor in 0.00 ms.
Unloading 2609 Unused Serialized files (Serialized files now loaded: 0)
System memory in use before: 214.1 MB.
System memory in use after: 214.3 MB.

Unloading 9 unused Assets to reduce memory usage. Loaded Objects now: 3266.
Total: 2.926900 ms (FindLiveObjects: 0.308600 ms CreateObjectMapping: 0.159500 ms MarkObjects: 2.402400 ms  DeleteObjects: 0.054700 ms)

========================================================================
Received Import Request.
  Time since last request: 2825.483798 seconds.
  path: Assets/Images/Units/Enemy Units/GaltsaFront1.png
  artifactKey: Guid(94c591ec59574b640af8fa566d712501) Importer(815301076,1909f56bfc062723c751e8b465ee728b)
Start importing Assets/Images/Units/Enemy Units/GaltsaFront1.png using Guid(94c591ec59574b640af8fa566d712501) Importer(815301076,1909f56bfc062723c751e8b465ee728b)  -> (artifact id: '3963dc94c1a9b0e6aa75b7ac23aff866') in 0.107938 seconds
  Import took 0.113120 seconds .

========================================================================
Received Import Request.
  Time since last request: 1.816628 seconds.
  path: Assets/Images/Units/Enemy Units/GaltsaFront2.png
  artifactKey: Guid(a93ed63f37da75742bd54b4655a0a3fd) Importer(815301076,1909f56bfc062723c751e8b465ee728b)
Start importing Assets/Images/Units/Enemy Units/GaltsaFront2.png using Guid(a93ed63f37da75742bd54b4655a0a3fd) Importer(815301076,1909f56bfc062723c751e8b465ee728b)  -> (artifact id: '34dd311f9eb55929cf1f863efe580cb4') in 0.045645 seconds
  Import took 0.051693 seconds .

========================================================================
Received Import Request.
  Time since last request: 7.945202 seconds.
  path: Assets/Images/Units/Enemy Units/GaltsaBack2.png
  artifactKey: Guid(77276cc6f74021447a2e94c5aa23155c) Importer(815301076,1909f56bfc062723c751e8b465ee728b)
Start importing Assets/Images/Units/Enemy Units/GaltsaBack2.png using Guid(77276cc6f74021447a2e94c5aa23155c) Importer(815301076,1909f56bfc062723c751e8b465ee728b)  -> (artifact id: '56f7a1e1b5541277111f2e06e311d6bf') in 0.044634 seconds
  Import took 0.049734 seconds .

========================================================================
Received Import Request.
  Time since last request: 2.623398 seconds.
  path: Assets/Images/Units/Enemy Units/GaltsaBack1.png
  artifactKey: Guid(048913e5148dac64c9e7a60aa35f59be) Importer(815301076,1909f56bfc062723c751e8b465ee728b)
Start importing Assets/Images/Units/Enemy Units/GaltsaBack1.png using Guid(048913e5148dac64c9e7a60aa35f59be) Importer(815301076,1909f56bfc062723c751e8b465ee728b)  -> (artifact id: '28e87cf3b3b9a6730892ae6a8b7871f1') in 0.041036 seconds
  Import took 0.046324 seconds .

========================================================================
Received Import Request.
  Time since last request: 669.033259 seconds.
  path: Assets/Images/Units/Enemy Units/GaltsaFront2.png
  artifactKey: Guid(a93ed63f37da75742bd54b4655a0a3fd) Importer(815301076,1909f56bfc062723c751e8b465ee728b)
Start importing Assets/Images/Units/Enemy Units/GaltsaFront2.png using Guid(a93ed63f37da75742bd54b4655a0a3fd) Importer(815301076,1909f56bfc062723c751e8b465ee728b)  -> (artifact id: '983c503bf9f8917861f5608e9cc27413') in 0.047387 seconds
  Import took 0.054052 seconds .

========================================================================
Received Prepare
Registering precompiled user dll's ...
Registered in 0.004857 seconds.
Begin MonoManager ReloadAssembly
Native extension for WindowsStandalone target not found
Refreshing native plugins compatible for Editor in 0.53 ms, found 0 plugins.
Preloading 0 native plugins for Editor in 0.00 ms.
Invoked RoslynAnalysisRunner static constructor.
RoslynAnalysisRunner will not be running.
RoslynAnalysisRunner has terminated.
Mono: successfully reloaded assembly
- Completed reload, in  1.013 seconds
Platform modules already initialized, skipping
Shader 'Universal Render Pipeline/Particles/Lit': fallback shader 'Universal Render Pipeline/Particles/SimpleLit' not found
Refreshing native plugins compatible for Editor in 0.54 ms, found 0 plugins.
Preloading 0 native plugins for Editor in 0.00 ms.
Unloading 2609 Unused Serialized files (Serialized files now loaded: 0)
System memory in use before: 214.1 MB.
System memory in use after: 214.4 MB.

Unloading 9 unused Assets to reduce memory usage. Loaded Objects now: 3269.
Total: 2.549100 ms (FindLiveObjects: 0.292100 ms CreateObjectMapping: 0.148700 ms MarkObjects: 2.088600 ms  DeleteObjects: 0.018300 ms)

========================================================================
Received Import Request.
  Time since last request: 425.325936 seconds.
  path: Assets/_Mirza Beig
  artifactKey: Guid(c2cde7d796c47b448b85769c68bf265b) Importer(815301076,1909f56bfc062723c751e8b465ee728b)
Start importing Assets/_Mirza Beig using Guid(c2cde7d796c47b448b85769c68bf265b) Importer(815301076,1909f56bfc062723c751e8b465ee728b)  -> (artifact id: '43af2d7da554782f0c4995ee9d67ff32') in 0.035195 seconds
  Import took 0.042078 seconds .

