Using pre-set license
Built from '2020.2/release' branch; Version is '2020.2.2f1 (068178b99f32) revision 426360'; Using compiler version '192528614'; Build Type 'Release'
OS: 'Windows 10 Home; OS build 19041.746; Version 2004; 64bit' Language: 'en' Physical Memory: 16239 MB
BatchMode: 1, IsHumanControllingUs: 0, StartBugReporterOnCrash: 0, Is64bit: 1, IsPro: 0

 COMMAND LINE ARGUMENTS:
C:\Program Files\Unity\Hub\Editor\2020.2.2f1\Editor\Unity.exe
-adb2
-batchMode
-noUpm
-name
AssetImportWorker0
-projectPath
C:/Users/Sean/Unity/DotS
-logFile
Logs/AssetImportWorker0.log
-srvPort
49780
Successfully changed project path to: C:/Users/Sean/Unity/DotS
C:/Users/Sean/Unity/DotS
Using Asset Import Pipeline V2.
Refreshing native plugins compatible for Editor in 63.34 ms, found 0 plugins.
Preloading 0 native plugins for Editor in 0.00 ms.
Initialize engine version: 2020.2.2f1 (068178b99f32)
[Subsystems] Discovering subsystems at path C:/Program Files/Unity/Hub/Editor/2020.2.2f1/Editor/Data/Resources/UnitySubsystems
[Subsystems] Discovering subsystems at path C:/Users/Sean/Unity/DotS/Assets
GfxDevice: creating device client; threaded=0
Direct3D:
    Version:  Direct3D 11.0 [level 11.1]
    Renderer: NVIDIA GeForce GTX 1050 (ID=0x1c8d)
    Vendor:   
    VRAM:     4021 MB
Shader 'Universal Render Pipeline/Particles/Lit': fallback shader 'Universal Render Pipeline/Particles/SimpleLit' not found
Initialize mono
Mono path[0] = 'C:/Program Files/Unity/Hub/Editor/2020.2.2f1/Editor/Data/Managed'
Mono path[1] = 'C:/Program Files/Unity/Hub/Editor/2020.2.2f1/Editor/Data/MonoBleedingEdge/lib/mono/unityjit'
Mono config path = 'C:/Program Files/Unity/Hub/Editor/2020.2.2f1/Editor/Data/MonoBleedingEdge/etc'
Using monoOptions --debugger-agent=transport=dt_socket,embedding=1,server=y,suspend=n,address=127.0.0.1:56580
Begin MonoManager ReloadAssembly
Registering precompiled unity dll's ...
Register platform support module: C:/Program Files/Unity/Hub/Editor/2020.2.2f1/Editor/Data/PlaybackEngines/WindowsStandaloneSupport/UnityEditor.WindowsStandalone.Extensions.dll
Registered in 0.002094 seconds.
Native extension for WindowsStandalone target not found
Refreshing native plugins compatible for Editor in 67.97 ms, found 0 plugins.
Preloading 0 native plugins for Editor in 0.00 ms.
Invoked RoslynAnalysisRunner static constructor.
RoslynAnalysisRunner will not be running.
RoslynAnalysisRunner has terminated.
Mono: successfully reloaded assembly
- Completed reload, in  1.080 seconds
Platform modules already initialized, skipping
Registering precompiled user dll's ...
Registered in 0.003317 seconds.
Begin MonoManager ReloadAssembly
Native extension for WindowsStandalone target not found
Refreshing native plugins compatible for Editor in 61.50 ms, found 0 plugins.
Preloading 0 native plugins for Editor in 0.00 ms.
Invoked RoslynAnalysisRunner static constructor.
RoslynAnalysisRunner will not be running.
RoslynAnalysisRunner has terminated.
Mono: successfully reloaded assembly
- Completed reload, in  1.045 seconds
Platform modules already initialized, skipping
========================================================================
Worker process is ready to serve import requests
Shader 'Universal Render Pipeline/Particles/Lit': fallback shader 'Universal Render Pipeline/Particles/SimpleLit' not found
Launched and connected shader compiler UnityShaderCompiler.exe after 0.06 seconds
Refreshing native plugins compatible for Editor in 0.54 ms, found 0 plugins.
Preloading 0 native plugins for Editor in 0.00 ms.
Unloading 2758 Unused Serialized files (Serialized files now loaded: 0)
System memory in use before: 218.9 MB.
System memory in use after: 219.1 MB.

Unloading 17 unused Assets to reduce memory usage. Loaded Objects now: 3232.
Total: 2.559500 ms (FindLiveObjects: 0.335100 ms CreateObjectMapping: 0.134700 ms MarkObjects: 2.063200 ms  DeleteObjects: 0.025600 ms)

========================================================================
Received Import Request.
  path: Assets/Images/Animations/EmptyIdle.anim
  artifactKey: Guid(5ee0d5febfe9eb744895a29cc02f0fc4) Importer(815301076,1909f56bfc062723c751e8b465ee728b)
Start importing Assets/Images/Animations/EmptyIdle.anim using Guid(5ee0d5febfe9eb744895a29cc02f0fc4) Importer(815301076,1909f56bfc062723c751e8b465ee728b)  -> (artifact id: '024678b0bc3c439f98c53b4940f2bcfb') in 0.059583 seconds
  Import took 0.064654 seconds .

========================================================================
Received Prepare
Registering precompiled user dll's ...
Registered in 0.003050 seconds.
Begin MonoManager ReloadAssembly
Native extension for WindowsStandalone target not found
Refreshing native plugins compatible for Editor in 0.51 ms, found 0 plugins.
Preloading 0 native plugins for Editor in 0.00 ms.
Invoked RoslynAnalysisRunner static constructor.
RoslynAnalysisRunner will not be running.
RoslynAnalysisRunner has terminated.
Mono: successfully reloaded assembly
- Completed reload, in  0.975 seconds
Platform modules already initialized, skipping
Shader 'Universal Render Pipeline/Particles/Lit': fallback shader 'Universal Render Pipeline/Particles/SimpleLit' not found
Refreshing native plugins compatible for Editor in 0.55 ms, found 0 plugins.
Preloading 0 native plugins for Editor in 0.00 ms.
Unloading 2608 Unused Serialized files (Serialized files now loaded: 0)
System memory in use before: 210.9 MB.
System memory in use after: 211.1 MB.

Unloading 9 unused Assets to reduce memory usage. Loaded Objects now: 3234.
Total: 2.890700 ms (FindLiveObjects: 0.666800 ms CreateObjectMapping: 0.179000 ms MarkObjects: 2.001600 ms  DeleteObjects: 0.041900 ms)

========================================================================
Received Prepare
Registering precompiled user dll's ...
Registered in 0.003006 seconds.
Begin MonoManager ReloadAssembly
Native extension for WindowsStandalone target not found
Refreshing native plugins compatible for Editor in 0.57 ms, found 0 plugins.
Preloading 0 native plugins for Editor in 0.00 ms.
Invoked RoslynAnalysisRunner static constructor.
RoslynAnalysisRunner will not be running.
RoslynAnalysisRunner has terminated.
Mono: successfully reloaded assembly
- Completed reload, in  1.040 seconds
Platform modules already initialized, skipping
Shader 'Universal Render Pipeline/Particles/Lit': fallback shader 'Universal Render Pipeline/Particles/SimpleLit' not found
Refreshing native plugins compatible for Editor in 0.56 ms, found 0 plugins.
Preloading 0 native plugins for Editor in 0.00 ms.
Unloading 2608 Unused Serialized files (Serialized files now loaded: 0)
System memory in use before: 210.9 MB.
System memory in use after: 211.2 MB.

Unloading 9 unused Assets to reduce memory usage. Loaded Objects now: 3236.
Total: 3.870300 ms (FindLiveObjects: 0.297700 ms CreateObjectMapping: 0.263100 ms MarkObjects: 3.276300 ms  DeleteObjects: 0.032000 ms)

========================================================================
Received Prepare
Registering precompiled user dll's ...
Registered in 0.003162 seconds.
Begin MonoManager ReloadAssembly
Native extension for WindowsStandalone target not found
Refreshing native plugins compatible for Editor in 0.77 ms, found 0 plugins.
Preloading 0 native plugins for Editor in 0.00 ms.
Invoked RoslynAnalysisRunner static constructor.
RoslynAnalysisRunner will not be running.
RoslynAnalysisRunner has terminated.
Mono: successfully reloaded assembly
- Completed reload, in  1.002 seconds
Platform modules already initialized, skipping
Shader 'Universal Render Pipeline/Particles/Lit': fallback shader 'Universal Render Pipeline/Particles/SimpleLit' not found
Refreshing native plugins compatible for Editor in 0.56 ms, found 0 plugins.
Preloading 0 native plugins for Editor in 0.00 ms.
Unloading 2608 Unused Serialized files (Serialized files now loaded: 0)
System memory in use before: 211.0 MB.
System memory in use after: 211.2 MB.

Unloading 9 unused Assets to reduce memory usage. Loaded Objects now: 3238.
Total: 2.345600 ms (FindLiveObjects: 0.290700 ms CreateObjectMapping: 0.099400 ms MarkObjects: 1.938800 ms  DeleteObjects: 0.015800 ms)

========================================================================
Received Import Request.
  Time since last request: 2470.349687 seconds.
  path: Assets/Scripts/PlayerLog.cs
  artifactKey: Guid(27ecba66160f8954a82bcce232f74ea9) Importer(815301076,1909f56bfc062723c751e8b465ee728b)
Start importing Assets/Scripts/PlayerLog.cs using Guid(27ecba66160f8954a82bcce232f74ea9) Importer(815301076,1909f56bfc062723c751e8b465ee728b)  -> (artifact id: '80acf1b0263bd68473314224e3dad5f2') in 0.062436 seconds
  Import took 0.069479 seconds .

========================================================================
Received Prepare
Registering precompiled user dll's ...
Registered in 0.003071 seconds.
Begin MonoManager ReloadAssembly
Native extension for WindowsStandalone target not found
Refreshing native plugins compatible for Editor in 0.67 ms, found 0 plugins.
Preloading 0 native plugins for Editor in 0.00 ms.
Invoked RoslynAnalysisRunner static constructor.
RoslynAnalysisRunner will not be running.
RoslynAnalysisRunner has terminated.
Mono: successfully reloaded assembly
- Completed reload, in  0.986 seconds
Platform modules already initialized, skipping
Shader 'Universal Render Pipeline/Particles/Lit': fallback shader 'Universal Render Pipeline/Particles/SimpleLit' not found
Refreshing native plugins compatible for Editor in 0.90 ms, found 0 plugins.
Preloading 0 native plugins for Editor in 0.00 ms.
Unloading 2609 Unused Serialized files (Serialized files now loaded: 0)
System memory in use before: 211.0 MB.
System memory in use after: 211.2 MB.

Unloading 9 unused Assets to reduce memory usage. Loaded Objects now: 3241.
Total: 3.323500 ms (FindLiveObjects: 0.678900 ms CreateObjectMapping: 0.263700 ms MarkObjects: 2.346300 ms  DeleteObjects: 0.032700 ms)

========================================================================
Received Prepare
Registering precompiled user dll's ...
Registered in 0.003672 seconds.
Begin MonoManager ReloadAssembly
Native extension for WindowsStandalone target not found
Refreshing native plugins compatible for Editor in 0.53 ms, found 0 plugins.
Preloading 0 native plugins for Editor in 0.00 ms.
Invoked RoslynAnalysisRunner static constructor.
RoslynAnalysisRunner will not be running.
RoslynAnalysisRunner has terminated.
Mono: successfully reloaded assembly
- Completed reload, in  0.999 seconds
Platform modules already initialized, skipping
Shader 'Universal Render Pipeline/Particles/Lit': fallback shader 'Universal Render Pipeline/Particles/SimpleLit' not found
Refreshing native plugins compatible for Editor in 0.61 ms, found 0 plugins.
Preloading 0 native plugins for Editor in 0.00 ms.
Unloading 2609 Unused Serialized files (Serialized files now loaded: 0)
System memory in use before: 211.0 MB.
System memory in use after: 211.2 MB.

Unloading 9 unused Assets to reduce memory usage. Loaded Objects now: 3243.
Total: 2.695900 ms (FindLiveObjects: 0.356000 ms CreateObjectMapping: 0.177200 ms MarkObjects: 2.125100 ms  DeleteObjects: 0.036300 ms)

========================================================================
Received Import Request.
  Time since last request: 683.958969 seconds.
  path: Assets/Scripts/PlayerLog.cs
  artifactKey: Guid(27ecba66160f8954a82bcce232f74ea9) Importer(815301076,1909f56bfc062723c751e8b465ee728b)
Start importing Assets/Scripts/PlayerLog.cs using Guid(27ecba66160f8954a82bcce232f74ea9) Importer(815301076,1909f56bfc062723c751e8b465ee728b)  -> (artifact id: 'd656d3a7446b49cf2e7c093270abeb36') in 0.029520 seconds
  Import took 0.033897 seconds .

========================================================================
Received Import Request.
  Time since last request: 182.259407 seconds.
  path: Assets/Images/Animations/Slash.anim
  artifactKey: Guid(5062f7bf4bc42d44cb54b5aeb94b4706) Importer(815301076,1909f56bfc062723c751e8b465ee728b)
Start importing Assets/Images/Animations/Slash.anim using Guid(5062f7bf4bc42d44cb54b5aeb94b4706) Importer(815301076,1909f56bfc062723c751e8b465ee728b)  -> (artifact id: '904e78ebbaf7238b551ab07793b63864') in 0.046006 seconds
  Import took 0.050417 seconds .

========================================================================
Received Prepare
Registering precompiled user dll's ...
Registered in 0.004361 seconds.
Begin MonoManager ReloadAssembly
Native extension for WindowsStandalone target not found
Refreshing native plugins compatible for Editor in 0.69 ms, found 0 plugins.
Preloading 0 native plugins for Editor in 0.00 ms.
Invoked RoslynAnalysisRunner static constructor.
RoslynAnalysisRunner will not be running.
RoslynAnalysisRunner has terminated.
Mono: successfully reloaded assembly
- Completed reload, in  1.061 seconds
Platform modules already initialized, skipping
Shader 'Universal Render Pipeline/Particles/Lit': fallback shader 'Universal Render Pipeline/Particles/SimpleLit' not found
Refreshing native plugins compatible for Editor in 0.84 ms, found 0 plugins.
Preloading 0 native plugins for Editor in 0.00 ms.
Unloading 2609 Unused Serialized files (Serialized files now loaded: 0)
System memory in use before: 211.0 MB.
System memory in use after: 211.2 MB.

Unloading 9 unused Assets to reduce memory usage. Loaded Objects now: 3245.
Total: 3.957300 ms (FindLiveObjects: 0.532500 ms CreateObjectMapping: 0.679000 ms MarkObjects: 2.708800 ms  DeleteObjects: 0.035300 ms)

========================================================================
Received Prepare
Registering precompiled user dll's ...
Registered in 0.002759 seconds.
Begin MonoManager ReloadAssembly
Native extension for WindowsStandalone target not found
Refreshing native plugins compatible for Editor in 0.55 ms, found 0 plugins.
Preloading 0 native plugins for Editor in 0.00 ms.
Invoked RoslynAnalysisRunner static constructor.
RoslynAnalysisRunner will not be running.
RoslynAnalysisRunner has terminated.
Mono: successfully reloaded assembly
- Completed reload, in  1.219 seconds
Platform modules already initialized, skipping
Shader 'Universal Render Pipeline/Particles/Lit': fallback shader 'Universal Render Pipeline/Particles/SimpleLit' not found
Refreshing native plugins compatible for Editor in 0.99 ms, found 0 plugins.
Preloading 0 native plugins for Editor in 0.00 ms.
Unloading 2609 Unused Serialized files (Serialized files now loaded: 0)
System memory in use before: 211.0 MB.
System memory in use after: 211.2 MB.

Unloading 9 unused Assets to reduce memory usage. Loaded Objects now: 3247.
Total: 3.662800 ms (FindLiveObjects: 0.555200 ms CreateObjectMapping: 0.352400 ms MarkObjects: 2.677400 ms  DeleteObjects: 0.076300 ms)

========================================================================
Received Prepare
Registering precompiled user dll's ...
Registered in 0.004713 seconds.
Begin MonoManager ReloadAssembly
Native extension for WindowsStandalone target not found
Refreshing native plugins compatible for Editor in 0.59 ms, found 0 plugins.
Preloading 0 native plugins for Editor in 0.00 ms.
Invoked RoslynAnalysisRunner static constructor.
RoslynAnalysisRunner will not be running.
RoslynAnalysisRunner has terminated.
Mono: successfully reloaded assembly
- Completed reload, in  1.037 seconds
Platform modules already initialized, skipping
Shader 'Universal Render Pipeline/Particles/Lit': fallback shader 'Universal Render Pipeline/Particles/SimpleLit' not found
Refreshing native plugins compatible for Editor in 0.89 ms, found 0 plugins.
Preloading 0 native plugins for Editor in 0.00 ms.
Unloading 2609 Unused Serialized files (Serialized files now loaded: 0)
System memory in use before: 211.0 MB.
System memory in use after: 211.2 MB.

Unloading 9 unused Assets to reduce memory usage. Loaded Objects now: 3249.
Total: 2.573100 ms (FindLiveObjects: 0.310200 ms CreateObjectMapping: 0.175900 ms MarkObjects: 2.061400 ms  DeleteObjects: 0.024100 ms)

========================================================================
Received Import Request.
  Time since last request: 1023.167035 seconds.
  path: Assets/Images/Animations/EmptyIdle.anim
  artifactKey: Guid(5ee0d5febfe9eb744895a29cc02f0fc4) Importer(815301076,1909f56bfc062723c751e8b465ee728b)
Start importing Assets/Images/Animations/EmptyIdle.anim using Guid(5ee0d5febfe9eb744895a29cc02f0fc4) Importer(815301076,1909f56bfc062723c751e8b465ee728b)  -> (artifact id: '2999df285ed4032ce3abc564afdfa7f9') in 0.051767 seconds
  Import took 0.057962 seconds .

========================================================================
Received Import Request.
  Time since last request: 0.007647 seconds.
  path: Assets/Images/Animations/EmptyIdle.anim
  artifactKey: Guid(5ee0d5febfe9eb744895a29cc02f0fc4) Importer(815301076,1909f56bfc062723c751e8b465ee728b)
Start importing Assets/Images/Animations/EmptyIdle.anim using Guid(5ee0d5febfe9eb744895a29cc02f0fc4) Importer(815301076,1909f56bfc062723c751e8b465ee728b)  -> (artifact id: '2999df285ed4032ce3abc564afdfa7f9') in 0.032315 seconds
  Import took 0.038643 seconds .

========================================================================
Received Prepare
Registering precompiled user dll's ...
Registered in 0.003348 seconds.
Begin MonoManager ReloadAssembly
Native extension for WindowsStandalone target not found
Refreshing native plugins compatible for Editor in 0.60 ms, found 0 plugins.
Preloading 0 native plugins for Editor in 0.00 ms.
Invoked RoslynAnalysisRunner static constructor.
RoslynAnalysisRunner will not be running.
RoslynAnalysisRunner has terminated.
Mono: successfully reloaded assembly
- Completed reload, in  1.051 seconds
Platform modules already initialized, skipping
Shader 'Universal Render Pipeline/Particles/Lit': fallback shader 'Universal Render Pipeline/Particles/SimpleLit' not found
Refreshing native plugins compatible for Editor in 0.77 ms, found 0 plugins.
Preloading 0 native plugins for Editor in 0.00 ms.
Unloading 2609 Unused Serialized files (Serialized files now loaded: 0)
System memory in use before: 211.0 MB.
System memory in use after: 211.2 MB.

Unloading 9 unused Assets to reduce memory usage. Loaded Objects now: 3251.
Total: 3.668600 ms (FindLiveObjects: 0.281700 ms CreateObjectMapping: 0.148000 ms MarkObjects: 3.185100 ms  DeleteObjects: 0.050900 ms)

========================================================================
Received Prepare
Registering precompiled user dll's ...
Registered in 0.004125 seconds.
Begin MonoManager ReloadAssembly
Native extension for WindowsStandalone target not found
Refreshing native plugins compatible for Editor in 0.84 ms, found 0 plugins.
Preloading 0 native plugins for Editor in 0.00 ms.
Invoked RoslynAnalysisRunner static constructor.
RoslynAnalysisRunner will not be running.
RoslynAnalysisRunner has terminated.
Mono: successfully reloaded assembly
- Completed reload, in  1.118 seconds
Platform modules already initialized, skipping
Shader 'Universal Render Pipeline/Particles/Lit': fallback shader 'Universal Render Pipeline/Particles/SimpleLit' not found
Refreshing native plugins compatible for Editor in 0.63 ms, found 0 plugins.
Preloading 0 native plugins for Editor in 0.00 ms.
Unloading 2609 Unused Serialized files (Serialized files now loaded: 0)
System memory in use before: 211.0 MB.
System memory in use after: 211.3 MB.

Unloading 9 unused Assets to reduce memory usage. Loaded Objects now: 3253.
Total: 2.993400 ms (FindLiveObjects: 0.330000 ms CreateObjectMapping: 0.134600 ms MarkObjects: 2.481500 ms  DeleteObjects: 0.045800 ms)

========================================================================
Received Import Request.
  Time since last request: 15515.027072 seconds.
  path: Assets/Images/Animations/ArrowFocus
  artifactKey: Guid(b4a6fdb91ad9855449575659ed6eb3d6) Importer(815301076,1909f56bfc062723c751e8b465ee728b)
Start importing Assets/Images/Animations/ArrowFocus using Guid(b4a6fdb91ad9855449575659ed6eb3d6) Importer(815301076,1909f56bfc062723c751e8b465ee728b)  -> (artifact id: 'ecb636cdcc87875ba291e23058a9e820') in 0.065812 seconds
  Import took 0.107266 seconds .

========================================================================
Received Import Request.
  Time since last request: 1.371873 seconds.
  path: Assets/Images/Animations/ArrowFocus/1.png
  artifactKey: Guid(08e25e142425bcb478769ebe136d97cd) Importer(815301076,1909f56bfc062723c751e8b465ee728b)
Start importing Assets/Images/Animations/ArrowFocus/1.png using Guid(08e25e142425bcb478769ebe136d97cd) Importer(815301076,1909f56bfc062723c751e8b465ee728b)  -> (artifact id: '266f2a553d319e0bc47878b7110ce29e') in 0.099598 seconds
  Import took 0.105056 seconds .

========================================================================
Received Import Request.
  Time since last request: 0.716495 seconds.
  path: Assets/Images/Animations/ArrowFocus/2.png
  artifactKey: Guid(9c28919a98c42764a879c931af68bb29) Importer(815301076,1909f56bfc062723c751e8b465ee728b)
Start importing Assets/Images/Animations/ArrowFocus/2.png using Guid(9c28919a98c42764a879c931af68bb29) Importer(815301076,1909f56bfc062723c751e8b465ee728b)  -> (artifact id: '6db9b1a3c507d1d388b3ffebca8aef58') in 0.015780 seconds
  Import took 0.020614 seconds .

========================================================================
Received Import Request.
  Time since last request: 8.050937 seconds.
  path: Assets/Images/Animations/ArrowFocus/2.png
  artifactKey: Guid(9c28919a98c42764a879c931af68bb29) Importer(815301076,1909f56bfc062723c751e8b465ee728b)
Start importing Assets/Images/Animations/ArrowFocus/2.png using Guid(9c28919a98c42764a879c931af68bb29) Importer(815301076,1909f56bfc062723c751e8b465ee728b)  -> (artifact id: 'c696058cd47456e308d3ee363cc91b5a') in 0.071587 seconds
  Import took 0.077773 seconds .

========================================================================
Received Import Request.
  Time since last request: 8.610663 seconds.
  path: Assets/Images/Animations/ArrowFocus/1.png
  artifactKey: Guid(08e25e142425bcb478769ebe136d97cd) Importer(815301076,1909f56bfc062723c751e8b465ee728b)
Start importing Assets/Images/Animations/ArrowFocus/1.png using Guid(08e25e142425bcb478769ebe136d97cd) Importer(815301076,1909f56bfc062723c751e8b465ee728b)  -> (artifact id: '7dde84500e405f0104e7148741f4a3d5') in 0.020559 seconds
  Import took 0.026153 seconds .

========================================================================
Received Import Request.
  Time since last request: 58.620154 seconds.
  path: Assets/Images/Animations/UnitAnimator.controller
  artifactKey: Guid(8f6c086557751a84d8d842be4a4bd267) Importer(815301076,1909f56bfc062723c751e8b465ee728b)
Start importing Assets/Images/Animations/UnitAnimator.controller using Guid(8f6c086557751a84d8d842be4a4bd267) Importer(815301076,1909f56bfc062723c751e8b465ee728b)  -> (artifact id: '813accdc8c831a8a61cf61d8e9f64d02') in 0.037928 seconds
  Import took 0.044620 seconds .

========================================================================
Received Import Request.
  Time since last request: 5.768791 seconds.
  path: Assets/Images/Animations/ArrowFire
  artifactKey: Guid(d8677857a5fc16147943aba651b6ab70) Importer(815301076,1909f56bfc062723c751e8b465ee728b)
Start importing Assets/Images/Animations/ArrowFire using Guid(d8677857a5fc16147943aba651b6ab70) Importer(815301076,1909f56bfc062723c751e8b465ee728b)  -> (artifact id: '33451444b23a25b6ab8a125be24e473b') in 0.030709 seconds
  Import took 0.035768 seconds .

========================================================================
Received Import Request.
  Time since last request: 1.687472 seconds.
  path: Assets/Images/Animations/ArrowFocus/3.png
  artifactKey: Guid(a75c83bd8fba4f5499f1586da1ecdc4c) Importer(815301076,1909f56bfc062723c751e8b465ee728b)
Start importing Assets/Images/Animations/ArrowFocus/3.png using Guid(a75c83bd8fba4f5499f1586da1ecdc4c) Importer(815301076,1909f56bfc062723c751e8b465ee728b)  -> (artifact id: '93ff1d8c931e1887bad446bc02a66524') in 0.018745 seconds
  Import took 0.025829 seconds .

========================================================================
Received Import Request.
  Time since last request: 0.002920 seconds.
  path: Assets/Images/Animations/ArrowFocus/3.png
  artifactKey: Guid(a75c83bd8fba4f5499f1586da1ecdc4c) Importer(815301076,1909f56bfc062723c751e8b465ee728b)
Start importing Assets/Images/Animations/ArrowFocus/3.png using Guid(a75c83bd8fba4f5499f1586da1ecdc4c) Importer(815301076,1909f56bfc062723c751e8b465ee728b)  -> (artifact id: '93ff1d8c931e1887bad446bc02a66524') in 0.014742 seconds
  Import took 0.023782 seconds .

========================================================================
Received Import Request.
  Time since last request: 3.197430 seconds.
  path: Assets/Images/Animations/ArrowFocus/4.png
  artifactKey: Guid(a88af496f804ebe41811a6f4ef1800bd) Importer(815301076,1909f56bfc062723c751e8b465ee728b)
Start importing Assets/Images/Animations/ArrowFocus/4.png using Guid(a88af496f804ebe41811a6f4ef1800bd) Importer(815301076,1909f56bfc062723c751e8b465ee728b)  -> (artifact id: 'b12355f6b993c568c46cbd629f7f18ed') in 0.017185 seconds
  Import took 0.024363 seconds .

========================================================================
Received Import Request.
  Time since last request: 0.370272 seconds.
  path: Assets/Images/Animations/ArrowFocus/5.png
  artifactKey: Guid(73ddcfa296710c444b412b9a44ce2019) Importer(815301076,1909f56bfc062723c751e8b465ee728b)
Start importing Assets/Images/Animations/ArrowFocus/5.png using Guid(73ddcfa296710c444b412b9a44ce2019) Importer(815301076,1909f56bfc062723c751e8b465ee728b)  -> (artifact id: '5ff4f30b8d60802a791ed974ac2e385b') in 0.016488 seconds
  Import took 0.021750 seconds .

========================================================================
Received Import Request.
  Time since last request: 0.344135 seconds.
  path: Assets/Images/Animations/ArrowFocus/6.png
  artifactKey: Guid(78ded6c443223af4282228b4e65c76d3) Importer(815301076,1909f56bfc062723c751e8b465ee728b)
Start importing Assets/Images/Animations/ArrowFocus/6.png using Guid(78ded6c443223af4282228b4e65c76d3) Importer(815301076,1909f56bfc062723c751e8b465ee728b)  -> (artifact id: 'a53d35fd258f0b0d33539daeeff417fe') in 0.017646 seconds
  Import took 0.022499 seconds .

========================================================================
Received Import Request.
  Time since last request: 0.363151 seconds.
  path: Assets/Images/Animations/ArrowFocus/7.png
  artifactKey: Guid(1a178e326077fff42b7a9b205bc23cb5) Importer(815301076,1909f56bfc062723c751e8b465ee728b)
Start importing Assets/Images/Animations/ArrowFocus/7.png using Guid(1a178e326077fff42b7a9b205bc23cb5) Importer(815301076,1909f56bfc062723c751e8b465ee728b)  -> (artifact id: '42840b9ac23e890c4961b8c3ea013669') in 0.017448 seconds
  Import took 0.022223 seconds .

========================================================================
Received Import Request.
  Time since last request: 0.783070 seconds.
  path: Assets/Images/Animations/ArrowFocus/8.png
  artifactKey: Guid(6600202744869a845b7b014414d3e739) Importer(815301076,1909f56bfc062723c751e8b465ee728b)
Start importing Assets/Images/Animations/ArrowFocus/8.png using Guid(6600202744869a845b7b014414d3e739) Importer(815301076,1909f56bfc062723c751e8b465ee728b)  -> (artifact id: 'ba2a04c9ea3b534304e90c0f2379d3c8') in 0.017800 seconds
  Import took 0.024998 seconds .

========================================================================
Received Import Request.
  Time since last request: 0.002268 seconds.
  path: Assets/Images/Animations/ArrowFocus/8.png
  artifactKey: Guid(6600202744869a845b7b014414d3e739) Importer(815301076,1909f56bfc062723c751e8b465ee728b)
Start importing Assets/Images/Animations/ArrowFocus/8.png using Guid(6600202744869a845b7b014414d3e739) Importer(815301076,1909f56bfc062723c751e8b465ee728b)  -> (artifact id: 'ba2a04c9ea3b534304e90c0f2379d3c8') in 0.014523 seconds
  Import took 0.020992 seconds .

========================================================================
Received Import Request.
  Time since last request: 56.112101 seconds.
  path: Assets/Prefabs/Slot/Slot.prefab
  artifactKey: Guid(87e1be6ca8d3f9449a295e3185b72b94) Importer(815301076,1909f56bfc062723c751e8b465ee728b)
Start importing Assets/Prefabs/Slot/Slot.prefab using Guid(87e1be6ca8d3f9449a295e3185b72b94) Importer(815301076,1909f56bfc062723c751e8b465ee728b)  -> (artifact id: '260bb020c92e60acece2813757c35155') in 0.085377 seconds
  Import took 0.090511 seconds .

========================================================================
Received Import Request.
  Time since last request: 20.282085 seconds.
  path: Assets/Images/Animations/ArrowFocus/9.png
  artifactKey: Guid(2729a91099cdb9e43a19d02cf6dfaf34) Importer(815301076,1909f56bfc062723c751e8b465ee728b)
Start importing Assets/Images/Animations/ArrowFocus/9.png using Guid(2729a91099cdb9e43a19d02cf6dfaf34) Importer(815301076,1909f56bfc062723c751e8b465ee728b)  -> (artifact id: 'ec17baf1250ce168ede7ad2b32989f39') in 0.019148 seconds
  Import took 0.024966 seconds .

========================================================================
Received Import Request.
  Time since last request: 0.000331 seconds.
  path: Assets/Images/Animations/ArrowFocus/10.png
  artifactKey: Guid(904d97183582c834587053a8753e20e1) Importer(815301076,1909f56bfc062723c751e8b465ee728b)
Start importing Assets/Images/Animations/ArrowFocus/10.png using Guid(904d97183582c834587053a8753e20e1) Importer(815301076,1909f56bfc062723c751e8b465ee728b)  -> (artifact id: 'ba36e7ad4b2e20c14ab08bd62c18f0f0') in 0.017352 seconds
  Import took 0.022763 seconds .

========================================================================
Received Import Request.
  Time since last request: 102.005701 seconds.
  path: Assets/Images/Animations/ArrowFire/1.png
  artifactKey: Guid(851eebfb950a53445a57e2827ac1ed22) Importer(815301076,1909f56bfc062723c751e8b465ee728b)
Start importing Assets/Images/Animations/ArrowFire/1.png using Guid(851eebfb950a53445a57e2827ac1ed22) Importer(815301076,1909f56bfc062723c751e8b465ee728b)  -> (artifact id: '01079f57ced635450fd16f316f285b74') in 0.015981 seconds
  Import took 0.020976 seconds .

========================================================================
Received Import Request.
  Time since last request: 0.530354 seconds.
  path: Assets/Images/Animations/ArrowFire/5.png
  artifactKey: Guid(e0164edea61624148aeae0fa31b707a5) Importer(815301076,1909f56bfc062723c751e8b465ee728b)
Start importing Assets/Images/Animations/ArrowFire/5.png using Guid(e0164edea61624148aeae0fa31b707a5) Importer(815301076,1909f56bfc062723c751e8b465ee728b)  -> (artifact id: '433165f41ce863f3fe776f3b3bb127b1') in 0.012913 seconds
  Import took 0.017660 seconds .

========================================================================
Received Import Request.
  Time since last request: 0.001249 seconds.
  path: Assets/Images/Animations/ArrowFire/5.png
  artifactKey: Guid(e0164edea61624148aeae0fa31b707a5) Importer(815301076,1909f56bfc062723c751e8b465ee728b)
Start importing Assets/Images/Animations/ArrowFire/5.png using Guid(e0164edea61624148aeae0fa31b707a5) Importer(815301076,1909f56bfc062723c751e8b465ee728b)  -> (artifact id: '433165f41ce863f3fe776f3b3bb127b1') in 0.012404 seconds
  Import took 0.017767 seconds .

========================================================================
Received Import Request.
  Time since last request: 4.444316 seconds.
  path: Assets/Images/Animations/ArrowFire/5.png
  artifactKey: Guid(e0164edea61624148aeae0fa31b707a5) Importer(815301076,1909f56bfc062723c751e8b465ee728b)
Start importing Assets/Images/Animations/ArrowFire/5.png using Guid(e0164edea61624148aeae0fa31b707a5) Importer(815301076,1909f56bfc062723c751e8b465ee728b)  -> (artifact id: '9216f7af4fa2c3d8c9a7a048dab1126e') in 0.016635 seconds
  Import took 0.025116 seconds .

========================================================================
Received Import Request.
  Time since last request: 1.449849 seconds.
  path: Assets/Images/Animations/ArrowFire/1.png
  artifactKey: Guid(851eebfb950a53445a57e2827ac1ed22) Importer(815301076,1909f56bfc062723c751e8b465ee728b)
Start importing Assets/Images/Animations/ArrowFire/1.png using Guid(851eebfb950a53445a57e2827ac1ed22) Importer(815301076,1909f56bfc062723c751e8b465ee728b)  -> (artifact id: 'bafc15d58dd5734dbe41d9fbc5c9ca54') in 0.017168 seconds
  Import took 0.023083 seconds .

========================================================================
Received Import Request.
  Time since last request: 0.000381 seconds.
  path: Assets/Images/Animations/ArrowFire/2.png
  artifactKey: Guid(3a24fee829962af47b9ef982d451f6c5) Importer(815301076,1909f56bfc062723c751e8b465ee728b)
Start importing Assets/Images/Animations/ArrowFire/2.png using Guid(3a24fee829962af47b9ef982d451f6c5) Importer(815301076,1909f56bfc062723c751e8b465ee728b)  -> (artifact id: '8a052f1947d2c72937303332c6b7b4ed') in 0.017758 seconds
  Import took 0.024450 seconds .

========================================================================
Received Import Request.
  Time since last request: 0.000322 seconds.
  path: Assets/Images/Animations/ArrowFire/4.png
  artifactKey: Guid(f0ca4a8c560ea964285e0ba19da6e6fb) Importer(815301076,1909f56bfc062723c751e8b465ee728b)
Start importing Assets/Images/Animations/ArrowFire/4.png using Guid(f0ca4a8c560ea964285e0ba19da6e6fb) Importer(815301076,1909f56bfc062723c751e8b465ee728b)  -> (artifact id: '188f55fea54d2ed21451ea9f1afaa044') in 0.017244 seconds
  Import took 0.023613 seconds .

========================================================================
Received Import Request.
  Time since last request: 0.000248 seconds.
  path: Assets/Images/Animations/ArrowFire/2.png
  artifactKey: Guid(3a24fee829962af47b9ef982d451f6c5) Importer(815301076,1909f56bfc062723c751e8b465ee728b)
Start importing Assets/Images/Animations/ArrowFire/2.png using Guid(3a24fee829962af47b9ef982d451f6c5) Importer(815301076,1909f56bfc062723c751e8b465ee728b)  -> (artifact id: '8a052f1947d2c72937303332c6b7b4ed') in 0.015863 seconds
  Import took 0.022630 seconds .

========================================================================
Received Import Request.
  Time since last request: 0.000334 seconds.
  path: Assets/Images/Animations/ArrowFire/3.png
  artifactKey: Guid(546138ccf516cc0479b7989399ad105c) Importer(815301076,1909f56bfc062723c751e8b465ee728b)
Start importing Assets/Images/Animations/ArrowFire/3.png using Guid(546138ccf516cc0479b7989399ad105c) Importer(815301076,1909f56bfc062723c751e8b465ee728b)  -> (artifact id: '3d9de5edc14c64a6216ac6d6c835c3f1') in 0.016912 seconds
  Import took 0.023264 seconds .

========================================================================
Received Import Request.
  Time since last request: 0.000302 seconds.
  path: Assets/Images/Animations/ArrowFire/1.png
  artifactKey: Guid(851eebfb950a53445a57e2827ac1ed22) Importer(815301076,1909f56bfc062723c751e8b465ee728b)
Start importing Assets/Images/Animations/ArrowFire/1.png using Guid(851eebfb950a53445a57e2827ac1ed22) Importer(815301076,1909f56bfc062723c751e8b465ee728b)  -> (artifact id: 'bafc15d58dd5734dbe41d9fbc5c9ca54') in 0.016699 seconds
  Import took 0.021957 seconds .

========================================================================
Received Import Request.
  Time since last request: 0.000303 seconds.
  path: Assets/Images/Animations/ArrowFire/6.png
  artifactKey: Guid(63766fec4980c864d821ef139b78a37e) Importer(815301076,1909f56bfc062723c751e8b465ee728b)
Start importing Assets/Images/Animations/ArrowFire/6.png using Guid(63766fec4980c864d821ef139b78a37e) Importer(815301076,1909f56bfc062723c751e8b465ee728b)  -> (artifact id: 'c03c19a9ef1ce2578319d3f1e16a5896') in 0.016663 seconds
  Import took 0.023525 seconds .

========================================================================
Received Import Request.
  Time since last request: 5864.571342 seconds.
  path: Assets/Images/Animations/SwordSlash.anim
  artifactKey: Guid(845141fe4b11e0d42b9058609652483c) Importer(815301076,1909f56bfc062723c751e8b465ee728b)
Start importing Assets/Images/Animations/SwordSlash.anim using Guid(845141fe4b11e0d42b9058609652483c) Importer(815301076,1909f56bfc062723c751e8b465ee728b)  -> (artifact id: 'd559f078ccd96075989fb1be34184d19') in 0.035385 seconds
  Import took 0.042635 seconds .

========================================================================
Received Import Request.
  Time since last request: 8.893940 seconds.
  path: Assets/Images/Animations/ArrowFire.anim
  artifactKey: Guid(a9f1081ef8ecaf144aa75f4e12d2bacf) Importer(815301076,1909f56bfc062723c751e8b465ee728b)
Start importing Assets/Images/Animations/ArrowFire.anim using Guid(a9f1081ef8ecaf144aa75f4e12d2bacf) Importer(815301076,1909f56bfc062723c751e8b465ee728b)  -> (artifact id: 'a96cb149a6fbf21519976e41e80d9c19') in 0.032824 seconds
  Import took 0.038488 seconds .

========================================================================
Received Import Request.
  Time since last request: 977.635154 seconds.
  path: Assets/Images/Animations/SwordSlash
  artifactKey: Guid(300092efca941bf4c8ddb20fc01cad18) Importer(815301076,1909f56bfc062723c751e8b465ee728b)
Start importing Assets/Images/Animations/SwordSlash using Guid(300092efca941bf4c8ddb20fc01cad18) Importer(815301076,1909f56bfc062723c751e8b465ee728b)  -> (artifact id: '534d72a1a41b49ebcbf15a964fab3ac9') in 0.029141 seconds
  Import took 0.036990 seconds .

========================================================================
Received Import Request.
  Time since last request: 2.581739 seconds.
  path: Assets/Images/Animations/SwordSlash/1.png
  artifactKey: Guid(28c8f38dcaad5f94c9a39164b4fde628) Importer(815301076,1909f56bfc062723c751e8b465ee728b)
Start importing Assets/Images/Animations/SwordSlash/1.png using Guid(28c8f38dcaad5f94c9a39164b4fde628) Importer(815301076,1909f56bfc062723c751e8b465ee728b)  -> (artifact id: '9b7108fc60a18ff8144e7835087c3d88') in 0.030585 seconds
  Import took 0.035255 seconds .

========================================================================
Received Import Request.
  Time since last request: 0.696086 seconds.
  path: Assets/Images/Animations/SwordSlash/5.png
  artifactKey: Guid(96856f288c5153242bcf93bbe2b3577d) Importer(815301076,1909f56bfc062723c751e8b465ee728b)
Start importing Assets/Images/Animations/SwordSlash/5.png using Guid(96856f288c5153242bcf93bbe2b3577d) Importer(815301076,1909f56bfc062723c751e8b465ee728b)  -> (artifact id: '729ad063107c21ca214da6afafd87329') in 0.015035 seconds
  Import took 0.019974 seconds .

========================================================================
Received Import Request.
  Time since last request: 0.001190 seconds.
  path: Assets/Images/Animations/SwordSlash/5.png
  artifactKey: Guid(96856f288c5153242bcf93bbe2b3577d) Importer(815301076,1909f56bfc062723c751e8b465ee728b)
Start importing Assets/Images/Animations/SwordSlash/5.png using Guid(96856f288c5153242bcf93bbe2b3577d) Importer(815301076,1909f56bfc062723c751e8b465ee728b)  -> (artifact id: '729ad063107c21ca214da6afafd87329') in 0.010897 seconds
  Import took 0.018035 seconds .

========================================================================
Received Import Request.
  Time since last request: 3.486110 seconds.
  path: Assets/Images/Animations/SwordSlash/5.png
  artifactKey: Guid(96856f288c5153242bcf93bbe2b3577d) Importer(815301076,1909f56bfc062723c751e8b465ee728b)
Start importing Assets/Images/Animations/SwordSlash/5.png using Guid(96856f288c5153242bcf93bbe2b3577d) Importer(815301076,1909f56bfc062723c751e8b465ee728b)  -> (artifact id: 'd9aa9534aacfe6ec8e271809e4e18b84') in 0.016251 seconds
  Import took 0.021806 seconds .

========================================================================
Received Import Request.
  Time since last request: 16.500146 seconds.
  path: Assets/Images/Animations/SwordSlash/1.png
  artifactKey: Guid(28c8f38dcaad5f94c9a39164b4fde628) Importer(815301076,1909f56bfc062723c751e8b465ee728b)
Start importing Assets/Images/Animations/SwordSlash/1.png using Guid(28c8f38dcaad5f94c9a39164b4fde628) Importer(815301076,1909f56bfc062723c751e8b465ee728b)  -> (artifact id: '53289990592a32639727abf645228319') in 0.017328 seconds
  Import took 0.021993 seconds .

========================================================================
Received Import Request.
  Time since last request: 1.561128 seconds.
  path: Assets/Images/Animations/SwordSlash/2.png
  artifactKey: Guid(beeabcfc6f5319e4eab7d26593b6c51b) Importer(815301076,1909f56bfc062723c751e8b465ee728b)
Start importing Assets/Images/Animations/SwordSlash/2.png using Guid(beeabcfc6f5319e4eab7d26593b6c51b) Importer(815301076,1909f56bfc062723c751e8b465ee728b)  -> (artifact id: 'd55e6883076a2d7bb78e3d7982402803') in 0.017792 seconds
  Import took 0.024608 seconds .

========================================================================
Received Import Request.
  Time since last request: 0.000303 seconds.
  path: Assets/Images/Animations/SwordSlash/3.png
  artifactKey: Guid(a78882abe59d88042b7aff0a2edd73ba) Importer(815301076,1909f56bfc062723c751e8b465ee728b)
Start importing Assets/Images/Animations/SwordSlash/3.png using Guid(a78882abe59d88042b7aff0a2edd73ba) Importer(815301076,1909f56bfc062723c751e8b465ee728b)  -> (artifact id: '5569e91b0bbdfa425ee383e6d44d4065') in 0.018874 seconds
  Import took 0.026321 seconds .

========================================================================
Received Import Request.
  Time since last request: 0.000333 seconds.
  path: Assets/Images/Animations/SwordSlash/4.png
  artifactKey: Guid(cab4475206b339b4d8b7fa171142f95b) Importer(815301076,1909f56bfc062723c751e8b465ee728b)
Start importing Assets/Images/Animations/SwordSlash/4.png using Guid(cab4475206b339b4d8b7fa171142f95b) Importer(815301076,1909f56bfc062723c751e8b465ee728b)  -> (artifact id: '931c2a10d3e471457e8327b1355f5f20') in 0.017457 seconds
  Import took 0.022295 seconds .

========================================================================
Received Import Request.
  Time since last request: 0.000322 seconds.
  path: Assets/Images/Animations/SwordSlash/6.png
  artifactKey: Guid(859ef46772b5d204790aa93c02291296) Importer(815301076,1909f56bfc062723c751e8b465ee728b)
Start importing Assets/Images/Animations/SwordSlash/6.png using Guid(859ef46772b5d204790aa93c02291296) Importer(815301076,1909f56bfc062723c751e8b465ee728b)  -> (artifact id: 'ef604c720a1bcb155857746e5b41cc14') in 0.026796 seconds
  Import took 0.033355 seconds .

========================================================================
Received Import Request.
  Time since last request: 0.000803 seconds.
  path: Assets/Images/Animations/SwordSlash/6.png
  artifactKey: Guid(859ef46772b5d204790aa93c02291296) Importer(815301076,1909f56bfc062723c751e8b465ee728b)
Start importing Assets/Images/Animations/SwordSlash/6.png using Guid(859ef46772b5d204790aa93c02291296) Importer(815301076,1909f56bfc062723c751e8b465ee728b)  -> (artifact id: 'ef604c720a1bcb155857746e5b41cc14') in 0.016208 seconds
  Import took 0.025099 seconds .

========================================================================
Received Prepare
Registering precompiled user dll's ...
Registered in 0.003654 seconds.
Begin MonoManager ReloadAssembly
Native extension for WindowsStandalone target not found
Refreshing native plugins compatible for Editor in 0.60 ms, found 0 plugins.
Preloading 0 native plugins for Editor in 0.00 ms.
Invoked RoslynAnalysisRunner static constructor.
RoslynAnalysisRunner will not be running.
RoslynAnalysisRunner has terminated.
Mono: successfully reloaded assembly
- Completed reload, in  1.195 seconds
Platform modules already initialized, skipping
Shader 'Universal Render Pipeline/Particles/Lit': fallback shader 'Universal Render Pipeline/Particles/SimpleLit' not found
Refreshing native plugins compatible for Editor in 0.84 ms, found 0 plugins.
Preloading 0 native plugins for Editor in 0.00 ms.
Unloading 2609 Unused Serialized files (Serialized files now loaded: 0)
System memory in use before: 214.0 MB.
System memory in use after: 214.3 MB.

Unloading 11 unused Assets to reduce memory usage. Loaded Objects now: 3261.
Total: 3.398800 ms (FindLiveObjects: 0.357200 ms CreateObjectMapping: 0.155200 ms MarkObjects: 2.701700 ms  DeleteObjects: 0.182700 ms)

========================================================================
Received Prepare
Registering precompiled user dll's ...
Registered in 0.004062 seconds.
Begin MonoManager ReloadAssembly
Native extension for WindowsStandalone target not found
Refreshing native plugins compatible for Editor in 0.54 ms, found 0 plugins.
Preloading 0 native plugins for Editor in 0.00 ms.
Invoked RoslynAnalysisRunner static constructor.
RoslynAnalysisRunner will not be running.
RoslynAnalysisRunner has terminated.
Mono: successfully reloaded assembly
- Completed reload, in  1.043 seconds
Platform modules already initialized, skipping
Shader 'Universal Render Pipeline/Particles/Lit': fallback shader 'Universal Render Pipeline/Particles/SimpleLit' not found
Refreshing native plugins compatible for Editor in 0.54 ms, found 0 plugins.
Preloading 0 native plugins for Editor in 0.00 ms.
Unloading 2609 Unused Serialized files (Serialized files now loaded: 0)
System memory in use before: 214.0 MB.
System memory in use after: 214.3 MB.

Unloading 9 unused Assets to reduce memory usage. Loaded Objects now: 3263.
Total: 4.371100 ms (FindLiveObjects: 0.612800 ms CreateObjectMapping: 0.352600 ms MarkObjects: 3.360100 ms  DeleteObjects: 0.044000 ms)

========================================================================
Received Prepare
Registering precompiled user dll's ...
Registered in 0.003293 seconds.
Begin MonoManager ReloadAssembly
Native extension for WindowsStandalone target not found
Refreshing native plugins compatible for Editor in 0.98 ms, found 0 plugins.
Preloading 0 native plugins for Editor in 0.00 ms.
Invoked RoslynAnalysisRunner static constructor.
RoslynAnalysisRunner will not be running.
RoslynAnalysisRunner has terminated.
Mono: successfully reloaded assembly
- Completed reload, in  1.088 seconds
Platform modules already initialized, skipping
Shader 'Universal Render Pipeline/Particles/Lit': fallback shader 'Universal Render Pipeline/Particles/SimpleLit' not found
Refreshing native plugins compatible for Editor in 0.76 ms, found 0 plugins.
Preloading 0 native plugins for Editor in 0.00 ms.
Unloading 2609 Unused Serialized files (Serialized files now loaded: 0)
System memory in use before: 214.1 MB.
System memory in use after: 214.3 MB.

Unloading 9 unused Assets to reduce memory usage. Loaded Objects now: 3265.
Total: 2.849000 ms (FindLiveObjects: 0.425000 ms CreateObjectMapping: 0.373300 ms MarkObjects: 2.015500 ms  DeleteObjects: 0.034100 ms)

========================================================================
Received Import Request.
  Time since last request: 2393.285246 seconds.
  path: Assets/Prefabs/Slot/Slot.prefab
  artifactKey: Guid(87e1be6ca8d3f9449a295e3185b72b94) Importer(815301076,1909f56bfc062723c751e8b465ee728b)
Start importing Assets/Prefabs/Slot/Slot.prefab using Guid(87e1be6ca8d3f9449a295e3185b72b94) Importer(815301076,1909f56bfc062723c751e8b465ee728b)  -> (artifact id: 'eda5e594cbd97bfb44628f5c7e82d96e') in 0.097815 seconds
  Import took 0.104095 seconds .

========================================================================
Received Prepare
Registering precompiled user dll's ...
Registered in 0.003952 seconds.
Begin MonoManager ReloadAssembly
Native extension for WindowsStandalone target not found
Refreshing native plugins compatible for Editor in 0.60 ms, found 0 plugins.
Preloading 0 native plugins for Editor in 0.00 ms.
Invoked RoslynAnalysisRunner static constructor.
RoslynAnalysisRunner will not be running.
RoslynAnalysisRunner has terminated.
Mono: successfully reloaded assembly
- Completed reload, in  1.159 seconds
Platform modules already initialized, skipping
Shader 'Universal Render Pipeline/Particles/Lit': fallback shader 'Universal Render Pipeline/Particles/SimpleLit' not found
Refreshing native plugins compatible for Editor in 0.61 ms, found 0 plugins.
Preloading 0 native plugins for Editor in 0.00 ms.
Unloading 2609 Unused Serialized files (Serialized files now loaded: 0)
System memory in use before: 214.1 MB.
System memory in use after: 214.3 MB.

Unloading 11 unused Assets to reduce memory usage. Loaded Objects now: 3267.
Total: 3.477900 ms (FindLiveObjects: 0.626400 ms CreateObjectMapping: 0.187500 ms MarkObjects: 2.609100 ms  DeleteObjects: 0.052700 ms)

========================================================================
Received Prepare
Registering precompiled user dll's ...
Registered in 0.003039 seconds.
Begin MonoManager ReloadAssembly
Native extension for WindowsStandalone target not found
Refreshing native plugins compatible for Editor in 0.70 ms, found 0 plugins.
Preloading 0 native plugins for Editor in 0.00 ms.
Invoked RoslynAnalysisRunner static constructor.
RoslynAnalysisRunner will not be running.
RoslynAnalysisRunner has terminated.
Mono: successfully reloaded assembly
- Completed reload, in  1.014 seconds
Platform modules already initialized, skipping
Shader 'Universal Render Pipeline/Particles/Lit': fallback shader 'Universal Render Pipeline/Particles/SimpleLit' not found
Refreshing native plugins compatible for Editor in 0.71 ms, found 0 plugins.
Preloading 0 native plugins for Editor in 0.00 ms.
Unloading 2609 Unused Serialized files (Serialized files now loaded: 0)
System memory in use before: 214.1 MB.
System memory in use after: 214.3 MB.

Unloading 9 unused Assets to reduce memory usage. Loaded Objects now: 3269.
Total: 2.891400 ms (FindLiveObjects: 0.646900 ms CreateObjectMapping: 0.195800 ms MarkObjects: 2.025100 ms  DeleteObjects: 0.017800 ms)

========================================================================
Received Prepare
Registering precompiled user dll's ...
Registered in 0.002830 seconds.
Begin MonoManager ReloadAssembly
Native extension for WindowsStandalone target not found
Refreshing native plugins compatible for Editor in 0.73 ms, found 0 plugins.
Preloading 0 native plugins for Editor in 0.00 ms.
Invoked RoslynAnalysisRunner static constructor.
RoslynAnalysisRunner will not be running.
RoslynAnalysisRunner has terminated.
Mono: successfully reloaded assembly
- Completed reload, in  0.923 seconds
Platform modules already initialized, skipping
Shader 'Universal Render Pipeline/Particles/Lit': fallback shader 'Universal Render Pipeline/Particles/SimpleLit' not found
Refreshing native plugins compatible for Editor in 0.61 ms, found 0 plugins.
Preloading 0 native plugins for Editor in 0.00 ms.
Unloading 2609 Unused Serialized files (Serialized files now loaded: 0)
System memory in use before: 214.1 MB.
System memory in use after: 214.3 MB.

Unloading 9 unused Assets to reduce memory usage. Loaded Objects now: 3271.
Total: 2.834000 ms (FindLiveObjects: 0.386800 ms CreateObjectMapping: 0.291400 ms MarkObjects: 2.135200 ms  DeleteObjects: 0.018800 ms)

========================================================================
Received Import Request.
  Time since last request: 7001.398125 seconds.
  path: Assets/Images/Animations/SpearThrust/1.png
  artifactKey: Guid(c537adb30a9a6bf4fa77c9d94054fed9) Importer(815301076,1909f56bfc062723c751e8b465ee728b)
Start importing Assets/Images/Animations/SpearThrust/1.png using Guid(c537adb30a9a6bf4fa77c9d94054fed9) Importer(815301076,1909f56bfc062723c751e8b465ee728b)  -> (artifact id: 'e5de7e28881677a54b8f50a2f5375516') in 0.243085 seconds
  Import took 0.287977 seconds .

========================================================================
Received Import Request.
  Time since last request: 0.246851 seconds.
  path: Assets/Images/Animations/SpearThrust/4.png
  artifactKey: Guid(042f453662191fa458041d96088196c2) Importer(815301076,1909f56bfc062723c751e8b465ee728b)
Start importing Assets/Images/Animations/SpearThrust/4.png using Guid(042f453662191fa458041d96088196c2) Importer(815301076,1909f56bfc062723c751e8b465ee728b)  -> (artifact id: 'ff72c3aaf71d5cd97b3ac7584db9679b') in 0.015104 seconds
  Import took 0.021176 seconds .

========================================================================
Received Import Request.
  Time since last request: 3.784739 seconds.
  path: Assets/Images/Animations/SpearThrust/4.png
  artifactKey: Guid(042f453662191fa458041d96088196c2) Importer(815301076,1909f56bfc062723c751e8b465ee728b)
Start importing Assets/Images/Animations/SpearThrust/4.png using Guid(042f453662191fa458041d96088196c2) Importer(815301076,1909f56bfc062723c751e8b465ee728b)  -> (artifact id: 'b8ed80c4a5b76e72c591571e4b3eb6cd') in 0.038444 seconds
  Import took 0.042897 seconds .

========================================================================
Received Import Request.
  Time since last request: 4.918955 seconds.
  path: Assets/Prefabs/Slot/Slot.prefab
  artifactKey: Guid(87e1be6ca8d3f9449a295e3185b72b94) Importer(815301076,1909f56bfc062723c751e8b465ee728b)
Start importing Assets/Prefabs/Slot/Slot.prefab using Guid(87e1be6ca8d3f9449a295e3185b72b94) Importer(815301076,1909f56bfc062723c751e8b465ee728b)  -> (artifact id: '737ac0203adf646be63469a92b8368ee') in 0.085769 seconds
  Import took 0.090837 seconds .

========================================================================
Received Import Request.
  Time since last request: 27.518064 seconds.
  path: Assets/Images/Animations/SpearThrust/6.png
  artifactKey: Guid(ccf6c720eb54da448876867d6294c0c3) Importer(815301076,1909f56bfc062723c751e8b465ee728b)
Start importing Assets/Images/Animations/SpearThrust/6.png using Guid(ccf6c720eb54da448876867d6294c0c3) Importer(815301076,1909f56bfc062723c751e8b465ee728b)  -> (artifact id: 'c26c2fcc4e9fc26d9dd646e2303dec25') in 0.016070 seconds
  Import took 0.023158 seconds .

========================================================================
Received Import Request.
  Time since last request: 0.001487 seconds.
  path: Assets/Images/Animations/SpearThrust/6.png
  artifactKey: Guid(ccf6c720eb54da448876867d6294c0c3) Importer(815301076,1909f56bfc062723c751e8b465ee728b)
Start importing Assets/Images/Animations/SpearThrust/6.png using Guid(ccf6c720eb54da448876867d6294c0c3) Importer(815301076,1909f56bfc062723c751e8b465ee728b)  -> (artifact id: 'c26c2fcc4e9fc26d9dd646e2303dec25') in 0.015422 seconds
  Import took 0.022703 seconds .

========================================================================
Received Import Request.
  Time since last request: 39.559414 seconds.
  path: Assets/Images/Animations/SpearThrust/1.png
  artifactKey: Guid(c537adb30a9a6bf4fa77c9d94054fed9) Importer(815301076,1909f56bfc062723c751e8b465ee728b)
Start importing Assets/Images/Animations/SpearThrust/1.png using Guid(c537adb30a9a6bf4fa77c9d94054fed9) Importer(815301076,1909f56bfc062723c751e8b465ee728b)  -> (artifact id: '52d66f496c4593ba0760b67bbdad49ff') in 0.024963 seconds
  Import took 0.031827 seconds .

========================================================================
Received Import Request.
  Time since last request: 0.000373 seconds.
  path: Assets/Images/Animations/SpearThrust/5.png
  artifactKey: Guid(be19a26e597c09549a6034bb907d8ced) Importer(815301076,1909f56bfc062723c751e8b465ee728b)
Start importing Assets/Images/Animations/SpearThrust/5.png using Guid(be19a26e597c09549a6034bb907d8ced) Importer(815301076,1909f56bfc062723c751e8b465ee728b)  -> (artifact id: '26a2e4bbb4a5f0d39bb712abb6d8fc35') in 0.014414 seconds
  Import took 0.020266 seconds .

========================================================================
Received Import Request.
  Time since last request: 0.000319 seconds.
  path: Assets/Images/Animations/SpearThrust/3.png
  artifactKey: Guid(9fb6571158e4e3a4cb7403443d601153) Importer(815301076,1909f56bfc062723c751e8b465ee728b)
Start importing Assets/Images/Animations/SpearThrust/3.png using Guid(9fb6571158e4e3a4cb7403443d601153) Importer(815301076,1909f56bfc062723c751e8b465ee728b)  -> (artifact id: '6b598ff14fd7fe6983f92c01b2937d83') in 0.017258 seconds
  Import took 0.021937 seconds .

========================================================================
Received Import Request.
  Time since last request: 0.000322 seconds.
  path: Assets/Images/Animations/SpearThrust/2.png
  artifactKey: Guid(7d48ab13422ce264e80fd811a32764b1) Importer(815301076,1909f56bfc062723c751e8b465ee728b)
Start importing Assets/Images/Animations/SpearThrust/2.png using Guid(7d48ab13422ce264e80fd811a32764b1) Importer(815301076,1909f56bfc062723c751e8b465ee728b)  -> (artifact id: 'd453976ceddad649166e7cae60ea407e') in 0.017825 seconds
  Import took 0.022697 seconds .

========================================================================
Received Import Request.
  Time since last request: 0.000295 seconds.
  path: Assets/Images/Animations/SpearThrust/1.png
  artifactKey: Guid(c537adb30a9a6bf4fa77c9d94054fed9) Importer(815301076,1909f56bfc062723c751e8b465ee728b)
Start importing Assets/Images/Animations/SpearThrust/1.png using Guid(c537adb30a9a6bf4fa77c9d94054fed9) Importer(815301076,1909f56bfc062723c751e8b465ee728b)  -> (artifact id: '52d66f496c4593ba0760b67bbdad49ff') in 0.015851 seconds
  Import took 0.020761 seconds .

========================================================================
Received Import Request.
  Time since last request: 195.063922 seconds.
  path: Assets/Prefabs/PSFog.prefab
  artifactKey: Guid(e7e055b594739e7469835e12f7650f95) Importer(815301076,1909f56bfc062723c751e8b465ee728b)
Start importing Assets/Prefabs/PSFog.prefab using Guid(e7e055b594739e7469835e12f7650f95) Importer(815301076,1909f56bfc062723c751e8b465ee728b)  -> (artifact id: '41fb66e47442969304bea34ea1fc97e3') in 0.033930 seconds
  Import took 0.038806 seconds .

========================================================================
Received Import Request.
  Time since last request: 0.020101 seconds.
  path: Assets/Prefabs/PSFog.prefab
  artifactKey: Guid(e7e055b594739e7469835e12f7650f95) Importer(815301076,1909f56bfc062723c751e8b465ee728b)
Start importing Assets/Prefabs/PSFog.prefab using Guid(e7e055b594739e7469835e12f7650f95) Importer(815301076,1909f56bfc062723c751e8b465ee728b)  -> (artifact id: '41fb66e47442969304bea34ea1fc97e3') in 0.030642 seconds
  Import took 0.035924 seconds .

========================================================================
Received Prepare
Registering precompiled user dll's ...
Registered in 0.003777 seconds.
Begin MonoManager ReloadAssembly
Native extension for WindowsStandalone target not found
Refreshing native plugins compatible for Editor in 1.21 ms, found 0 plugins.
Preloading 0 native plugins for Editor in 0.00 ms.
Invoked RoslynAnalysisRunner static constructor.
RoslynAnalysisRunner will not be running.
RoslynAnalysisRunner has terminated.
Mono: successfully reloaded assembly
- Completed reload, in  1.689 seconds
Platform modules already initialized, skipping
Shader 'Universal Render Pipeline/Particles/Lit': fallback shader 'Universal Render Pipeline/Particles/SimpleLit' not found
Refreshing native plugins compatible for Editor in 1.24 ms, found 0 plugins.
Preloading 0 native plugins for Editor in 0.00 ms.
Unloading 2609 Unused Serialized files (Serialized files now loaded: 0)
System memory in use before: 214.1 MB.
System memory in use after: 214.3 MB.

Unloading 11 unused Assets to reduce memory usage. Loaded Objects now: 3274.
Total: 4.839800 ms (FindLiveObjects: 0.525100 ms CreateObjectMapping: 0.265300 ms MarkObjects: 3.947800 ms  DeleteObjects: 0.098400 ms)

========================================================================
Received Prepare
Registering precompiled user dll's ...
Registered in 0.003055 seconds.
Begin MonoManager ReloadAssembly
Native extension for WindowsStandalone target not found
Refreshing native plugins compatible for Editor in 0.54 ms, found 0 plugins.
Preloading 0 native plugins for Editor in 0.00 ms.
Invoked RoslynAnalysisRunner static constructor.
RoslynAnalysisRunner will not be running.
RoslynAnalysisRunner has terminated.
Mono: successfully reloaded assembly
- Completed reload, in  0.952 seconds
Platform modules already initialized, skipping
Shader 'Universal Render Pipeline/Particles/Lit': fallback shader 'Universal Render Pipeline/Particles/SimpleLit' not found
Refreshing native plugins compatible for Editor in 0.59 ms, found 0 plugins.
Preloading 0 native plugins for Editor in 0.00 ms.
Unloading 2609 Unused Serialized files (Serialized files now loaded: 0)
System memory in use before: 214.1 MB.
System memory in use after: 214.3 MB.

Unloading 9 unused Assets to reduce memory usage. Loaded Objects now: 3276.
Total: 3.261400 ms (FindLiveObjects: 0.519200 ms CreateObjectMapping: 0.239100 ms MarkObjects: 2.447100 ms  DeleteObjects: 0.054400 ms)

AssetImportWorkerClient::OnTransportError - code=2 error=End of file
